#
# A fatal error has been detected by the Java Runtime Environment:
#
#  SIGSEGV (0xb) at pc=0x00007f8d356b9295, pid=13997, tid=0x00007f8d34777700
#
# JRE version: OpenJDK Runtime Environment (8.0_222-b10) (build 1.8.0_222-8u222-b10-1ubuntu1~16.04.1-b10)
# Java VM: OpenJDK 64-Bit Server VM (25.222-b10 mixed mode linux-amd64 compressed oops)
# Problematic frame:
# C  [i965_dri.so+0x3fe295]
#
# Failed to write core dump. Core dumps have been disabled. To enable core dumping, try "ulimit -c unlimited" before starting Java again
#
# If you would like to submit a bug report, please visit:
#   http://bugreport.java.com/bugreport/crash.jsp
# The crash happened outside the Java Virtual Machine in native code.
# See problematic frame for where to report the bug.
#

---------------  T H R E A D  ---------------

Current thread (0x00007f8d6c0c1000):  JavaThread "main-FPSAWTAnimator#00-Timer0" [_thread_in_native, id=14028, stack(0x00007f8d34677000,0x00007f8d34778000)]

siginfo: si_signo: 11 (SIGSEGV), si_code: 1 (SEGV_MAPERR), si_addr: 0x0000000000000074

Registers:
RAX=0x0000000000000000, RBX=0x00007f8d401e0b00, RCX=0x00007f8d35385e00, RDX=0x0000000000000004
RSP=0x00007f8d34776010, RBP=0x0000000000000280, RSI=0x0000000035385e00, RDI=0x0000000000000000
R8 =0x0000000000000001, R9 =0x0000000000000000, R10=0x0000000000000000, R11=0x0000000000000000
R12=0x00007f8d401e2738, R13=0x00007f8d401ccf10, R14=0x00000000000001e0, R15=0x00007f8d401cca30
RIP=0x00007f8d356b9295, EFLAGS=0x0000000000010246, CSGSFS=0x002b000000000033, ERR=0x0000000000000004
  TRAPNO=0x000000000000000e

Top of Stack: (sp=0x00007f8d34776010)
0x00007f8d34776010:   00007f8d34776130 0000000000000000
0x00007f8d34776020:   00007f8d401b4101 00007f8d401d2f20
0x00007f8d34776030:   0000000000080100 00007f8d000000c0
0x00007f8d34776040:   0000000000000000 0000000000000000
0x00007f8d34776050:   0000000000000000 0000000000000000
0x00007f8d34776060:   0000000000000000 0000000000000000
0x00007f8d34776070:   0000000000000000 0000000000000000
0x00007f8d34776080:   0000000000000000 0000000000000000
0x00007f8d34776090:   0000000300000000 00007f8d34776110
0x00007f8d347760a0:   00007f8d3ab86a30 00007f8d6c0c1000
0x00007f8d347760b0:   0000000100000004 00007f8d00000003
0x00007f8d347760c0:   00007f8d401d2f20 0000000300000000
0x00007f8d347760d0:   00007f8d00000008 00007f8d744bae7f
0x00007f8d347760e0:   00007f8d746ea891 0000000000000000
0x00007f8d347760f0:   0000000000000000 0000000000000000
0x00007f8d34776100:   0000000000000000 0000000000000000
0x00007f8d34776110:   0000000000000000 0000000000000000
0x00007f8d34776120:   00007f8d401ad390 00007f8d401cd000
0x00007f8d34776130:   00007f8d347761a0 00007f8d401b41b0
0x00007f8d34776140:   0000000100000020 0000000000000000
0x00007f8d34776150:   0000000b0000000b 0000000b0000000b
0x00007f8d34776160:   000000000000000b 0000000000000000
0x00007f8d34776170:   0000000000000000 0000000000000000
0x00007f8d34776180:   01a2001401a20004 01a2003401a20024
0x00007f8d34776190:   0000000000000000 0000000000000000
0x00007f8d347761a0:   0000000200280000 00000000ffffffff
0x00007f8d347761b0:   0000000000000000 0000000000000000
0x00007f8d347761c0:   0000000000000000 0000000000000000
0x00007f8d347761d0:   0000000000000000 d265c099959ea600
0x00007f8d347761e0:   0000000000000000 d265c099959ea600
0x00007f8d347761f0:   0000000000000000 0000000000000000
0x00007f8d34776200:   00007f8d401cce18 00007f8d401ccdf0 

Instructions: (pc=0x00007f8d356b9295)
0x00007f8d356b9275:   0f 94 c1 88 0c 17 48 83 c2 01 09 ce 39 d0 7f eb
0x00007f8d356b9285:   40 84 f6 b8 00 00 00 00 44 0f 45 c0 49 8b 7d 68
0x00007f8d356b9295:   8b 47 74 41 39 45 34 b8 00 00 00 00 44 0f 45 c0
0x00007f8d356b92a5:   80 bf 0c 02 00 00 00 0f 85 ee 01 00 00 45 31 c0 

Register to memory mapping:

RAX=0x0000000000000000 is an unknown value
RBX=0x00007f8d401e0b00 is an unknown value
RCX=0x00007f8d35385e00: <offset 0xcae00> in /usr/lib/x86_64-linux-gnu/dri/i965_dri.so at 0x00007f8d352bb000
RDX=0x0000000000000004 is an unknown value
RSP=0x00007f8d34776010 is pointing into the stack for thread: 0x00007f8d6c0c1000
RBP=0x0000000000000280 is an unknown value
RSI=0x0000000035385e00 is an unknown value
RDI=0x0000000000000000 is an unknown value
R8 =0x0000000000000001 is an unknown value
R9 =0x0000000000000000 is an unknown value
R10=0x0000000000000000 is an unknown value
R11=0x0000000000000000 is an unknown value
R12=0x00007f8d401e2738 is an unknown value
R13=0x00007f8d401ccf10 is an unknown value
R14=0x00000000000001e0 is an unknown value
R15=0x00007f8d401cca30 is an unknown value


Stack: [0x00007f8d34677000,0x00007f8d34778000],  sp=0x00007f8d34776010,  free space=1020k
Native frames: (J=compiled Java code, j=interpreted, Vv=VM code, C=native code)
C  [i965_dri.so+0x3fe295]

Java frames: (J=compiled Java code, j=interpreted, Vv=VM code)
j  jogamp.opengl.gl4.GL4bcImpl.dispatch_glClear1(IJ)V+0
j  jogamp.opengl.gl4.GL4bcImpl.glClear(I)V+39
j  jogamp.opengl.GLDrawableHelper.setViewportAndClear(Lcom/jogamp/opengl/GLAutoDrawable;IIII)V+82
j  jogamp.opengl.GLDrawableHelper.init(Lcom/jogamp/opengl/GLAutoDrawable;Z)V+16
j  jogamp.opengl.GLAutoDrawableBase$1.run()V+26
j  jogamp.opengl.GLDrawableHelper.invokeGLImpl(Lcom/jogamp/opengl/GLDrawable;Lcom/jogamp/opengl/GLContext;Ljava/lang/Runnable;Ljava/lang/Runnable;)V+197
j  jogamp.opengl.GLDrawableHelper.invokeGL(Lcom/jogamp/opengl/GLDrawable;Lcom/jogamp/opengl/GLContext;Ljava/lang/Runnable;Ljava/lang/Runnable;)V+72
j  com.jogamp.newt.opengl.GLWindow.display()V+90
j  com.jogamp.opengl.util.AWTAnimatorImpl.display(Ljava/util/ArrayList;ZZ)V+68
j  com.jogamp.opengl.util.AnimatorBase.display()V+16
j  com.jogamp.opengl.util.FPSAnimator$MainTask.run()V+216
j  java.util.TimerThread.mainLoop()V+221
j  java.util.TimerThread.run()V+1
v  ~StubRoutines::call_stub

---------------  P R O C E S S  ---------------

Java Threads: ( => current thread )
  0x00007f8d6c00b000 JavaThread "DestroyJavaVM" [_thread_blocked, id=14003, stack(0x00007f8d75892000,0x00007f8d75993000)]
=>0x00007f8d6c0c1000 JavaThread "main-FPSAWTAnimator#00-Timer0" [_thread_in_native, id=14028, stack(0x00007f8d34677000,0x00007f8d34778000)]
  0x00007f8d6c76c000 JavaThread "Thread-2" [_thread_blocked, id=14027, stack(0x00007f8d34778000,0x00007f8d34879000)]
  0x00007f8d6c55a000 JavaThread "main-SharedResourceRunner" daemon [_thread_blocked, id=14024, stack(0x00007f8d3b083000,0x00007f8d3b184000)]
  0x00007f8d6c535000 JavaThread "main-SharedResourceRunner" daemon [_thread_blocked, id=14023, stack(0x00007f8d3b990000,0x00007f8d3ba91000)]
  0x00007f8d6c44b000 JavaThread "main-Display-.x11_:0.0-1-EDT-1" daemon [_thread_blocked, id=14022, stack(0x00007f8d3a6ba000,0x00007f8d3a7bb000)]
  0x00007f8d6c329000 JavaThread "process reaper" daemon [_thread_blocked, id=14016, stack(0x00007f8d5c035000,0x00007f8d5c06e000)]
  0x00007f8d6c2d7800 JavaThread "AWT-XAWT" daemon [_thread_in_native, id=14013, stack(0x00007f8d70009000,0x00007f8d7010a000)]
  0x00007f8d6c2b5800 JavaThread "Java2D Disposer" daemon [_thread_blocked, id=14012, stack(0x00007f8d7010a000,0x00007f8d7020b000)]
  0x00007f8d6c0c6800 JavaThread "Service Thread" daemon [_thread_blocked, id=14010, stack(0x00007f8d708bc000,0x00007f8d709bd000)]
  0x00007f8d6c0b1800 JavaThread "C1 CompilerThread1" daemon [_thread_blocked, id=14009, stack(0x00007f8d709bd000,0x00007f8d70abe000)]
  0x00007f8d6c0af800 JavaThread "C2 CompilerThread0" daemon [_thread_blocked, id=14008, stack(0x00007f8d70abe000,0x00007f8d70bbf000)]
  0x00007f8d6c0ad800 JavaThread "Signal Dispatcher" daemon [_thread_blocked, id=14007, stack(0x00007f8d70bbf000,0x00007f8d70cc0000)]
  0x00007f8d6c07b000 JavaThread "Finalizer" daemon [_thread_blocked, id=14006, stack(0x00007f8d70f98000,0x00007f8d71099000)]
  0x00007f8d6c078800 JavaThread "Reference Handler" daemon [_thread_blocked, id=14005, stack(0x00007f8d71099000,0x00007f8d7119a000)]

Other Threads:
  0x00007f8d6c06f000 VMThread [stack: 0x00007f8d7119a000,0x00007f8d7129b000] [id=14004]
  0x00007f8d6c0c9800 WatcherThread [stack: 0x00007f8d707bb000,0x00007f8d708bc000] [id=14011]

VM state:not at safepoint (normal execution)

VM Mutex/Monitor currently owned by a thread: None

heap address: 0x00000000d2200000, size: 734 MB, Compressed Oops mode: 32-bit
Narrow klass base: 0x0000000000000000, Narrow klass shift: 3
Compressed class space size: 1073741824 Address: 0x0000000100000000

Heap:
 def new generation   total 14144K, used 9263K [0x00000000d2200000, 0x00000000d3150000, 0x00000000e16a0000)
  eden space 12608K,  61% used [0x00000000d2200000, 0x00000000d298bf08, 0x00000000d2e50000)
  from space 1536K, 100% used [0x00000000d2e50000, 0x00000000d2fd0000, 0x00000000d2fd0000)
  to   space 1536K,   0% used [0x00000000d2fd0000, 0x00000000d2fd0000, 0x00000000d3150000)
 tenured generation   total 31424K, used 2966K [0x00000000e16a0000, 0x00000000e3550000, 0x0000000100000000)
   the space 31424K,   9% used [0x00000000e16a0000, 0x00000000e1985a20, 0x00000000e1985c00, 0x00000000e3550000)
 Metaspace       used 15940K, capacity 16110K, committed 16384K, reserved 1064960K
  class space    used 1440K, capacity 1503K, committed 1536K, reserved 1048576K

Card table byte_map: [0x00007f8d71dd6000,0x00007f8d71f46000] byte_map_base: 0x00007f8d71745000

Polling page: 0x00007f8d759ba000

CodeCache: size=245760Kb used=3568Kb max_used=3568Kb free=242191Kb
 bounds [0x00007f8d5d000000, 0x00007f8d5d380000, 0x00007f8d6c000000]
 total_blobs=1787 nmethods=816 adapters=886
 compilation: enabled

Compilation events (10 events):
Event: 10.707 Thread 0x00007f8d6c0b1800  815       1       com.jogamp.opengl.GLCapabilities::getStencilBits (5 bytes)
Event: 10.707 Thread 0x00007f8d6c0b1800 nmethod 815 0x00007f8d5d370c90 code [0x00007f8d5d370de0, 0x00007f8d5d370ef0]
Event: 10.707 Thread 0x00007f8d6c0b1800  816       1       com.jogamp.nativewindow.Capabilities::isOnscreen (5 bytes)
Event: 10.707 Thread 0x00007f8d6c0b1800 nmethod 816 0x00007f8d5d374010 code [0x00007f8d5d374160, 0x00007f8d5d374270]
Event: 10.749 Thread 0x00007f8d6c0b1800  817       1       jogamp.newt.DisplayImpl::getGraphicsDevice (5 bytes)
Event: 10.750 Thread 0x00007f8d6c0b1800 nmethod 817 0x00007f8d5d3742d0 code [0x00007f8d5d374420, 0x00007f8d5d374530]
Event: 10.753 Thread 0x00007f8d6c0b1800  818   !   3       java.lang.ClassLoader::findNative (86 bytes)
Event: 10.754 Thread 0x00007f8d6c0b1800 nmethod 818 0x00007f8d5d374590 code [0x00007f8d5d374740, 0x00007f8d5d374ff0]
Event: 10.809 Thread 0x00007f8d6c0b1800  819   !   3       jogamp.common.util.locks.RecursiveLockImpl01Unfairish::validateLocked (147 bytes)
Event: 10.811 Thread 0x00007f8d6c0b1800 nmethod 819 0x00007f8d5d375390 code [0x00007f8d5d375700, 0x00007f8d5d377530]

GC Heap History (4 events):
Event: 8.756 GC heap before
{Heap before GC invocations=0 (full 0):
 def new generation   total 14144K, used 12608K [0x00000000d2200000, 0x00000000d3150000, 0x00000000e16a0000)
  eden space 12608K, 100% used [0x00000000d2200000, 0x00000000d2e50000, 0x00000000d2e50000)
  from space 1536K,   0% used [0x00000000d2e50000, 0x00000000d2e50000, 0x00000000d2fd0000)
  to   space 1536K,   0% used [0x00000000d2fd0000, 0x00000000d2fd0000, 0x00000000d3150000)
 tenured generation   total 31424K, used 0K [0x00000000e16a0000, 0x00000000e3550000, 0x0000000100000000)
   the space 31424K,   0% used [0x00000000e16a0000, 0x00000000e16a0000, 0x00000000e16a0200, 0x00000000e3550000)
 Metaspace       used 10726K, capacity 10888K, committed 11264K, reserved 1058816K
  class space    used 1102K, capacity 1153K, committed 1280K, reserved 1048576K
Event: 8.769 GC heap after
Heap after GC invocations=1 (full 0):
 def new generation   total 14144K, used 1535K [0x00000000d2200000, 0x00000000d3150000, 0x00000000e16a0000)
  eden space 12608K,   0% used [0x00000000d2200000, 0x00000000d2200000, 0x00000000d2e50000)
  from space 1536K,  99% used [0x00000000d2fd0000, 0x00000000d314fff8, 0x00000000d3150000)
  to   space 1536K,   0% used [0x00000000d2e50000, 0x00000000d2e50000, 0x00000000d2fd0000)
 tenured generation   total 31424K, used 1339K [0x00000000e16a0000, 0x00000000e3550000, 0x0000000100000000)
   the space 31424K,   4% used [0x00000000e16a0000, 0x00000000e17eec90, 0x00000000e17eee00, 0x00000000e3550000)
 Metaspace       used 10726K, capacity 10888K, committed 11264K, reserved 1058816K
  class space    used 1102K, capacity 1153K, committed 1280K, reserved 1048576K
}
Event: 10.107 GC heap before
{Heap before GC invocations=1 (full 0):
 def new generation   total 14144K, used 14143K [0x00000000d2200000, 0x00000000d3150000, 0x00000000e16a0000)
  eden space 12608K, 100% used [0x00000000d2200000, 0x00000000d2e50000, 0x00000000d2e50000)
  from space 1536K,  99% used [0x00000000d2fd0000, 0x00000000d314fff8, 0x00000000d3150000)
  to   space 1536K,   0% used [0x00000000d2e50000, 0x00000000d2e50000, 0x00000000d2fd0000)
 tenured generation   total 31424K, used 1339K [0x00000000e16a0000, 0x00000000e3550000, 0x0000000100000000)
   the space 31424K,   4% used [0x00000000e16a0000, 0x00000000e17eec90, 0x00000000e17eee00, 0x00000000e3550000)
 Metaspace       used 15069K, capacity 15278K, committed 15616K, reserved 1062912K
  class space    used 1349K, capacity 1439K, committed 1536K, reserved 1048576K
Event: 10.120 GC heap after
Heap after GC invocations=2 (full 0):
 def new generation   total 14144K, used 1536K [0x00000000d2200000, 0x00000000d3150000, 0x00000000e16a0000)
  eden space 12608K,   0% used [0x00000000d2200000, 0x00000000d2200000, 0x00000000d2e50000)
  from space 1536K, 100% used [0x00000000d2e50000, 0x00000000d2fd0000, 0x00000000d2fd0000)
  to   space 1536K,   0% used [0x00000000d2fd0000, 0x00000000d2fd0000, 0x00000000d3150000)
 tenured generation   total 31424K, used 2966K [0x00000000e16a0000, 0x00000000e3550000, 0x0000000100000000)
   the space 31424K,   9% used [0x00000000e16a0000, 0x00000000e1985a20, 0x00000000e1985c00, 0x00000000e3550000)
 Metaspace       used 15069K, capacity 15278K, committed 15616K, reserved 1062912K
  class space    used 1349K, capacity 1439K, committed 1536K, reserved 1048576K
}

Deoptimization events (4 events):
Event: 8.316 Thread 0x00007f8d6c00b000 Uncommon trap: reason=unstable_if action=reinterpret pc=0x00007f8d5d1d1db0 method=java.lang.String.indexOf([CII[CIII)I @ 3
Event: 8.372 Thread 0x00007f8d6c00b000 Uncommon trap: reason=unstable_if action=reinterpret pc=0x00007f8d5d1c45bc method=java.lang.String.replace(CC)Ljava/lang/String; @ 26
Event: 10.193 Thread 0x00007f8d6c55a000 Uncommon trap: reason=unstable_if action=reinterpret pc=0x00007f8d5d1ee8e8 method=java.lang.String.startsWith(Ljava/lang/String;I)Z @ 25
Event: 10.591 Thread 0x00007f8d6c00b000 Uncommon trap: reason=unstable_if action=reinterpret pc=0x00007f8d5d360d30 method=java.lang.reflect.AccessibleObject.setAccessible0(Ljava/lang/reflect/AccessibleObject;Z)V @ 4

Classes redefined (0 events):
No events

Internal exceptions (10 events):
Event: 0.604 Thread 0x00007f8d6c00b000 Exception <a 'java/security/PrivilegedActionException'> (0x00000000d234b6a8) thrown at [/build/openjdk-8-g3XteX/openjdk-8-8u222-b10/src/hotspot/src/share/vm/prims/jvm.cpp, line 1502]
Event: 0.608 Thread 0x00007f8d6c00b000 Exception <a 'java/security/PrivilegedActionException'> (0x00000000d234d730) thrown at [/build/openjdk-8-g3XteX/openjdk-8-8u222-b10/src/hotspot/src/share/vm/prims/jvm.cpp, line 1502]
Event: 0.608 Thread 0x00007f8d6c00b000 Exception <a 'java/security/PrivilegedActionException'> (0x00000000d234d940) thrown at [/build/openjdk-8-g3XteX/openjdk-8-8u222-b10/src/hotspot/src/share/vm/prims/jvm.cpp, line 1502]
Event: 0.608 Thread 0x00007f8d6c00b000 Exception <a 'java/security/PrivilegedActionException'> (0x00000000d234e418) thrown at [/build/openjdk-8-g3XteX/openjdk-8-8u222-b10/src/hotspot/src/share/vm/prims/jvm.cpp, line 1502]
Event: 0.608 Thread 0x00007f8d6c00b000 Exception <a 'java/security/PrivilegedActionException'> (0x00000000d234e628) thrown at [/build/openjdk-8-g3XteX/openjdk-8-8u222-b10/src/hotspot/src/share/vm/prims/jvm.cpp, line 1502]
Event: 0.925 Thread 0x00007f8d6c00b000 Exception <a 'java/lang/NoSuchFieldError': method resolution failed> (0x00000000d2429db8) thrown at [/build/openjdk-8-g3XteX/openjdk-8-8u222-b10/src/hotspot/src/share/vm/prims/methodHandles.cpp, line 1167]
Event: 0.941 Thread 0x00007f8d6c00b000 Exception <a 'java/lang/NoSuchFieldError': method resolution failed> (0x00000000d2437538) thrown at [/build/openjdk-8-g3XteX/openjdk-8-8u222-b10/src/hotspot/src/share/vm/prims/methodHandles.cpp, line 1167]
Event: 1.108 Thread 0x00007f8d6c00b000 Exception <a 'java/io/FileNotFoundException'> (0x00000000d24b6208) thrown at [/build/openjdk-8-g3XteX/openjdk-8-8u222-b10/src/hotspot/src/share/vm/prims/jni.cpp, line 710]
Event: 1.108 Thread 0x00007f8d6c00b000 Exception <a 'java/io/FileNotFoundException'> (0x00000000d24b6c10) thrown at [/build/openjdk-8-g3XteX/openjdk-8-8u222-b10/src/hotspot/src/share/vm/prims/jni.cpp, line 710]
Event: 1.181 Thread 0x00007f8d6c00b000 Exception <a 'java/lang/ClassNotFoundException': sun/dc/DuctusRenderingEngine> (0x00000000d24c2570) thrown at [/build/openjdk-8-g3XteX/openjdk-8-8u222-b10/src/hotspot/src/share/vm/classfile/systemDictionary.cpp, line 210]

Events (10 events):
Event: 10.814 Executing VM operation: RevokeBias
Event: 10.814 Executing VM operation: RevokeBias done
Event: 10.816 Executing VM operation: RevokeBias
Event: 10.816 Executing VM operation: RevokeBias done
Event: 10.817 Executing VM operation: RevokeBias
Event: 10.817 Executing VM operation: RevokeBias done
Event: 10.818 Executing VM operation: RevokeBias
Event: 10.818 Executing VM operation: RevokeBias done
Event: 10.847 Executing VM operation: RevokeBias
Event: 10.847 Executing VM operation: RevokeBias done


Dynamic libraries:
00400000-00401000 r-xp 00000000 08:01 3811865                            /usr/lib/jvm/java-8-openjdk-amd64/jre/bin/java
00600000-00601000 r--p 00000000 08:01 3811865                            /usr/lib/jvm/java-8-openjdk-amd64/jre/bin/java
00601000-00602000 rw-p 00001000 08:01 3811865                            /usr/lib/jvm/java-8-openjdk-amd64/jre/bin/java
01413000-019a8000 rw-p 00000000 00:00 0                                  [heap]
d2200000-d3150000 rw-p 00000000 00:00 0 
d3150000-e16a0000 ---p 00000000 00:00 0 
e16a0000-e3550000 rw-p 00000000 00:00 0 
e3550000-100000000 ---p 00000000 00:00 0 
100000000-100180000 rw-p 00000000 00:00 0 
100180000-140000000 ---p 00000000 00:00 0 
7f8d34677000-7f8d3467a000 ---p 00000000 00:00 0 
7f8d3467a000-7f8d34778000 rw-p 00000000 00:00 0 
7f8d34778000-7f8d3477b000 ---p 00000000 00:00 0 
7f8d3477b000-7f8d348f9000 rw-p 00000000 00:00 0 
7f8d348f9000-7f8d34a79000 ---p 00000000 00:00 0 
7f8d34a79000-7f8d34a81000 r-xp 00000000 08:01 3679795                    /usr/lib/x86_64-linux-gnu/libpciaccess.so.0.11.1
7f8d34a81000-7f8d34c81000 ---p 00008000 08:01 3679795                    /usr/lib/x86_64-linux-gnu/libpciaccess.so.0.11.1
7f8d34c81000-7f8d34c82000 r--p 00008000 08:01 3679795                    /usr/lib/x86_64-linux-gnu/libpciaccess.so.0.11.1
7f8d34c82000-7f8d34c83000 rw-p 00009000 08:01 3679795                    /usr/lib/x86_64-linux-gnu/libpciaccess.so.0.11.1
7f8d34c83000-7f8d34c8e000 r-xp 00000000 08:01 3675335                    /usr/lib/x86_64-linux-gnu/libdrm_radeon.so.1.0.1
7f8d34c8e000-7f8d34e8d000 ---p 0000b000 08:01 3675335                    /usr/lib/x86_64-linux-gnu/libdrm_radeon.so.1.0.1
7f8d34e8d000-7f8d34e8e000 r--p 0000a000 08:01 3675335                    /usr/lib/x86_64-linux-gnu/libdrm_radeon.so.1.0.1
7f8d34e8e000-7f8d34e8f000 rw-p 0000b000 08:01 3675335                    /usr/lib/x86_64-linux-gnu/libdrm_radeon.so.1.0.1
7f8d34e8f000-7f8d34e96000 r-xp 00000000 08:01 3675331                    /usr/lib/x86_64-linux-gnu/libdrm_nouveau.so.2.0.0
7f8d34e96000-7f8d35095000 ---p 00007000 08:01 3675331                    /usr/lib/x86_64-linux-gnu/libdrm_nouveau.so.2.0.0
7f8d35095000-7f8d35096000 r--p 00006000 08:01 3675331                    /usr/lib/x86_64-linux-gnu/libdrm_nouveau.so.2.0.0
7f8d35096000-7f8d35097000 rw-p 00007000 08:01 3675331                    /usr/lib/x86_64-linux-gnu/libdrm_nouveau.so.2.0.0
7f8d35097000-7f8d350b9000 r-xp 00000000 08:01 3675323                    /usr/lib/x86_64-linux-gnu/libdrm_intel.so.1.0.0
7f8d350b9000-7f8d352b9000 ---p 00022000 08:01 3675323                    /usr/lib/x86_64-linux-gnu/libdrm_intel.so.1.0.0
7f8d352b9000-7f8d352ba000 r--p 00022000 08:01 3675323                    /usr/lib/x86_64-linux-gnu/libdrm_intel.so.1.0.0
7f8d352ba000-7f8d352bb000 rw-p 00023000 08:01 3675323                    /usr/lib/x86_64-linux-gnu/libdrm_intel.so.1.0.0
7f8d352bb000-7f8d35b9b000 r-xp 00000000 08:01 4063888                    /usr/lib/x86_64-linux-gnu/dri/i965_dri.so
7f8d35b9b000-7f8d35d9b000 ---p 008e0000 08:01 4063888                    /usr/lib/x86_64-linux-gnu/dri/i965_dri.so
7f8d35d9b000-7f8d35deb000 r--p 008e0000 08:01 4063888                    /usr/lib/x86_64-linux-gnu/dri/i965_dri.so
7f8d35deb000-7f8d35df6000 rw-p 00930000 08:01 4063888                    /usr/lib/x86_64-linux-gnu/dri/i965_dri.so
7f8d35df6000-7f8d35e9b000 rw-p 00000000 00:00 0 
7f8d35e9b000-7f8d35ef7000 r-xp 00000000 08:01 4345346                    /tmp/jogamp_0000/file_cache/jln1655227550099736512/jln8725886362893791859/natives/linux-amd64/libjogl_mobile.so
7f8d35ef7000-7f8d360f7000 ---p 0005c000 08:01 4345346                    /tmp/jogamp_0000/file_cache/jln1655227550099736512/jln8725886362893791859/natives/linux-amd64/libjogl_mobile.so
7f8d360f7000-7f8d360f8000 rw-p 0005c000 08:01 4345346                    /tmp/jogamp_0000/file_cache/jln1655227550099736512/jln8725886362893791859/natives/linux-amd64/libjogl_mobile.so
7f8d360f8000-7f8d3611f000 r-xp 00000000 08:01 3675321                    /usr/lib/x86_64-linux-gnu/libkj-0.5.3.so
7f8d3611f000-7f8d3631f000 ---p 00027000 08:01 3675321                    /usr/lib/x86_64-linux-gnu/libkj-0.5.3.so
7f8d3631f000-7f8d36320000 r--p 00027000 08:01 3675321                    /usr/lib/x86_64-linux-gnu/libkj-0.5.3.so
7f8d36320000-7f8d36321000 rw-p 00028000 08:01 3675321                    /usr/lib/x86_64-linux-gnu/libkj-0.5.3.so
7f8d36321000-7f8d36338000 r-xp 00000000 08:01 3678917                    /usr/lib/x86_64-linux-gnu/libboost_filesystem.so.1.58.0
7f8d36338000-7f8d36537000 ---p 00017000 08:01 3678917                    /usr/lib/x86_64-linux-gnu/libboost_filesystem.so.1.58.0
7f8d36537000-7f8d36538000 r--p 00016000 08:01 3678917                    /usr/lib/x86_64-linux-gnu/libboost_filesystem.so.1.58.0
7f8d36538000-7f8d36539000 rw-p 00017000 08:01 3678917                    /usr/lib/x86_64-linux-gnu/libboost_filesystem.so.1.58.0
7f8d36539000-7f8d36569000 r-xp 00000000 08:01 3679830                    /usr/lib/x86_64-linux-gnu/libprotobuf-lite.so.9.0.1
7f8d36569000-7f8d36768000 ---p 00030000 08:01 3679830                    /usr/lib/x86_64-linux-gnu/libprotobuf-lite.so.9.0.1
7f8d36768000-7f8d36769000 r--p 0002f000 08:01 3679830                    /usr/lib/x86_64-linux-gnu/libprotobuf-lite.so.9.0.1
7f8d36769000-7f8d3676a000 rw-p 00030000 08:01 3679830                    /usr/lib/x86_64-linux-gnu/libprotobuf-lite.so.9.0.1
7f8d3676a000-7f8d3676d000 r-xp 00000000 08:01 3678919                    /usr/lib/x86_64-linux-gnu/libboost_system.so.1.58.0
7f8d3676d000-7f8d3696c000 ---p 00003000 08:01 3678919                    /usr/lib/x86_64-linux-gnu/libboost_system.so.1.58.0
7f8d3696c000-7f8d3696d000 r--p 00002000 08:01 3678919                    /usr/lib/x86_64-linux-gnu/libboost_system.so.1.58.0
7f8d3696d000-7f8d3696e000 rw-p 00003000 08:01 3678919                    /usr/lib/x86_64-linux-gnu/libboost_system.so.1.58.0
7f8d3696e000-7f8d36975000 r-xp 00000000 08:01 3679653                    /usr/lib/x86_64-linux-gnu/libmircore.so.1
7f8d36975000-7f8d36b75000 ---p 00007000 08:01 3679653                    /usr/lib/x86_64-linux-gnu/libmircore.so.1
7f8d36b75000-7f8d36b76000 r--p 00007000 08:01 3679653                    /usr/lib/x86_64-linux-gnu/libmircore.so.1
7f8d36b76000-7f8d36b77000 rw-p 00008000 08:01 3679653                    /usr/lib/x86_64-linux-gnu/libmircore.so.1
7f8d36b77000-7f8d36bfc000 r-xp 00000000 08:01 3675320                    /usr/lib/x86_64-linux-gnu/libcapnp-0.5.3.so
7f8d36bfc000-7f8d36dfb000 ---p 00085000 08:01 3675320                    /usr/lib/x86_64-linux-gnu/libcapnp-0.5.3.so
7f8d36dfb000-7f8d36dfe000 r--p 00084000 08:01 3675320                    /usr/lib/x86_64-linux-gnu/libcapnp-0.5.3.so
7f8d36dfe000-7f8d36dff000 rw-p 00087000 08:01 3675320                    /usr/lib/x86_64-linux-gnu/libcapnp-0.5.3.so
7f8d36dff000-7f8d36e6e000 r-xp 00000000 08:01 3679654                    /usr/lib/x86_64-linux-gnu/libmirprotobuf.so.3
7f8d36e6e000-7f8d3706d000 ---p 0006f000 08:01 3679654                    /usr/lib/x86_64-linux-gnu/libmirprotobuf.so.3
7f8d3706d000-7f8d37070000 r--p 0006e000 08:01 3679654                    /usr/lib/x86_64-linux-gnu/libmirprotobuf.so.3
7f8d37070000-7f8d37071000 rw-p 00071000 08:01 3679654                    /usr/lib/x86_64-linux-gnu/libmirprotobuf.so.3
7f8d37071000-7f8d370b5000 r-xp 00000000 08:01 3679652                    /usr/lib/x86_64-linux-gnu/libmircommon.so.7
7f8d370b5000-7f8d372b5000 ---p 00044000 08:01 3679652                    /usr/lib/x86_64-linux-gnu/libmircommon.so.7
7f8d372b5000-7f8d372b7000 r--p 00044000 08:01 3679652                    /usr/lib/x86_64-linux-gnu/libmircommon.so.7
7f8d372b7000-7f8d372b8000 rw-p 00046000 08:01 3679652                    /usr/lib/x86_64-linux-gnu/libmircommon.so.7
7f8d372b8000-7f8d372f5000 r-xp 00000000 08:01 3675393                    /usr/lib/x86_64-linux-gnu/libxkbcommon.so.0.0.0
7f8d372f5000-7f8d374f4000 ---p 0003d000 08:01 3675393                    /usr/lib/x86_64-linux-gnu/libxkbcommon.so.0.0.0
7f8d374f4000-7f8d374f6000 r--p 0003c000 08:01 3675393                    /usr/lib/x86_64-linux-gnu/libxkbcommon.so.0.0.0
7f8d374f6000-7f8d374f7000 rw-p 0003e000 08:01 3675393                    /usr/lib/x86_64-linux-gnu/libxkbcommon.so.0.0.0
7f8d374f7000-7f8d374fe000 r-xp 00000000 08:01 3679157                    /usr/lib/x86_64-linux-gnu/libffi.so.6.0.4
7f8d374fe000-7f8d376fd000 ---p 00007000 08:01 3679157                    /usr/lib/x86_64-linux-gnu/libffi.so.6.0.4
7f8d376fd000-7f8d376fe000 r--p 00006000 08:01 3679157                    /usr/lib/x86_64-linux-gnu/libffi.so.6.0.4
7f8d376fe000-7f8d376ff000 rw-p 00007000 08:01 3679157                    /usr/lib/x86_64-linux-gnu/libffi.so.6.0.4
7f8d376ff000-7f8d3779f000 r-xp 00000000 08:01 3679651                    /usr/lib/x86_64-linux-gnu/libmirclient.so.9
7f8d3779f000-7f8d3799e000 ---p 000a0000 08:01 3679651                    /usr/lib/x86_64-linux-gnu/libmirclient.so.9
7f8d3799e000-7f8d379a4000 r--p 0009f000 08:01 3679651                    /usr/lib/x86_64-linux-gnu/libmirclient.so.9
7f8d379a4000-7f8d379a6000 rw-p 000a5000 08:01 3679651                    /usr/lib/x86_64-linux-gnu/libmirclient.so.9
7f8d379a6000-7f8d379b6000 r-xp 00000000 08:01 3675354                    /usr/lib/x86_64-linux-gnu/libwayland-server.so.0.1.0
7f8d379b6000-7f8d37bb5000 ---p 00010000 08:01 3675354                    /usr/lib/x86_64-linux-gnu/libwayland-server.so.0.1.0
7f8d37bb5000-7f8d37bb7000 r--p 0000f000 08:01 3675354                    /usr/lib/x86_64-linux-gnu/libwayland-server.so.0.1.0
7f8d37bb7000-7f8d37bb8000 rw-p 00011000 08:01 3675354                    /usr/lib/x86_64-linux-gnu/libwayland-server.so.0.1.0
7f8d37bb8000-7f8d37bc4000 r-xp 00000000 08:01 3672048                    /usr/lib/x86_64-linux-gnu/libgbm.so.1.0.0
7f8d37bc4000-7f8d37dc4000 ---p 0000c000 08:01 3672048                    /usr/lib/x86_64-linux-gnu/libgbm.so.1.0.0
7f8d37dc4000-7f8d37dc5000 r--p 0000c000 08:01 3672048                    /usr/lib/x86_64-linux-gnu/libgbm.so.1.0.0
7f8d37dc5000-7f8d37dc6000 rw-p 0000d000 08:01 3672048                    /usr/lib/x86_64-linux-gnu/libgbm.so.1.0.0
7f8d37dc6000-7f8d37dd2000 r-xp 00000000 08:01 3675349                    /usr/lib/x86_64-linux-gnu/libwayland-client.so.0.3.0
7f8d37dd2000-7f8d37fd2000 ---p 0000c000 08:01 3675349                    /usr/lib/x86_64-linux-gnu/libwayland-client.so.0.3.0
7f8d37fd2000-7f8d37fd4000 r--p 0000c000 08:01 3675349                    /usr/lib/x86_64-linux-gnu/libwayland-client.so.0.3.0
7f8d37fd4000-7f8d37fd5000 rw-p 0000e000 08:01 3675349                    /usr/lib/x86_64-linux-gnu/libwayland-client.so.0.3.0
7f8d37fd5000-7f8d37fdb000 r-xp 00000000 08:01 3680214                    /usr/lib/x86_64-linux-gnu/libxcb-xfixes.so.0.0.0
7f8d37fdb000-7f8d381db000 ---p 00006000 08:01 3680214                    /usr/lib/x86_64-linux-gnu/libxcb-xfixes.so.0.0.0
7f8d381db000-7f8d381dc000 r--p 00006000 08:01 3680214                    /usr/lib/x86_64-linux-gnu/libxcb-xfixes.so.0.0.0
7f8d381dc000-7f8d381dd000 rw-p 00007000 08:01 3680214                    /usr/lib/x86_64-linux-gnu/libxcb-xfixes.so.0.0.0
7f8d381dd000-7f8d38215000 r-xp 00000000 08:01 4063890                    /usr/lib/x86_64-linux-gnu/mesa-egl/libEGL.so.1.0.0
7f8d38215000-7f8d38414000 ---p 00038000 08:01 4063890                    /usr/lib/x86_64-linux-gnu/mesa-egl/libEGL.so.1.0.0
7f8d38414000-7f8d38416000 r--p 00037000 08:01 4063890                    /usr/lib/x86_64-linux-gnu/mesa-egl/libEGL.so.1.0.0
7f8d38416000-7f8d38417000 rw-p 00039000 08:01 4063890                    /usr/lib/x86_64-linux-gnu/mesa-egl/libEGL.so.1.0.0
7f8d38417000-7f8d3841f000 r-xp 00000000 08:01 4064495                    /usr/lib/x86_64-linux-gnu/mesa-egl/libGLESv2.so.2.0.0
7f8d3841f000-7f8d3861e000 ---p 00008000 08:01 4064495                    /usr/lib/x86_64-linux-gnu/mesa-egl/libGLESv2.so.2.0.0
7f8d3861e000-7f8d3861f000 r--p 00007000 08:01 4064495                    /usr/lib/x86_64-linux-gnu/mesa-egl/libGLESv2.so.2.0.0
7f8d3861f000-7f8d38620000 rw-p 00008000 08:01 4064495                    /usr/lib/x86_64-linux-gnu/mesa-egl/libGLESv2.so.2.0.0
7f8d38620000-7f8d386d8000 r-xp 00000000 08:01 4333648                    /tmp/jogamp_0000/file_cache/jln1655227550099736512/jln8725886362893791859/natives/linux-amd64/libjogl_desktop.so
7f8d386d8000-7f8d388d8000 ---p 000b8000 08:01 4333648                    /tmp/jogamp_0000/file_cache/jln1655227550099736512/jln8725886362893791859/natives/linux-amd64/libjogl_desktop.so
7f8d388d8000-7f8d388d9000 rw-p 000b8000 08:01 4333648                    /tmp/jogamp_0000/file_cache/jln1655227550099736512/jln8725886362893791859/natives/linux-amd64/libjogl_desktop.so
7f8d388d9000-7f8d388e9000 r-xp 00000000 08:01 3670074                    /usr/lib/x86_64-linux-gnu/libdrm.so.2.4.0
7f8d388e9000-7f8d38ae9000 ---p 00010000 08:01 3670074                    /usr/lib/x86_64-linux-gnu/libdrm.so.2.4.0
7f8d38ae9000-7f8d38aea000 r--p 00010000 08:01 3670074                    /usr/lib/x86_64-linux-gnu/libdrm.so.2.4.0
7f8d38aea000-7f8d38aeb000 rw-p 00011000 08:01 3670074                    /usr/lib/x86_64-linux-gnu/libdrm.so.2.4.0
7f8d38aeb000-7f8d38aef000 r-xp 00000000 08:01 3680186                    /usr/lib/x86_64-linux-gnu/libxcb-dri2.so.0.0.0
7f8d38aef000-7f8d38cee000 ---p 00004000 08:01 3680186                    /usr/lib/x86_64-linux-gnu/libxcb-dri2.so.0.0.0
7f8d38cee000-7f8d38cef000 r--p 00003000 08:01 3680186                    /usr/lib/x86_64-linux-gnu/libxcb-dri2.so.0.0.0
7f8d38cef000-7f8d38cf0000 rw-p 00004000 08:01 3680186                    /usr/lib/x86_64-linux-gnu/libxcb-dri2.so.0.0.0
7f8d38cf0000-7f8d38d07000 r-xp 00000000 08:01 3680190                    /usr/lib/x86_64-linux-gnu/libxcb-glx.so.0.0.0
7f8d38d07000-7f8d38f06000 ---p 00017000 08:01 3680190                    /usr/lib/x86_64-linux-gnu/libxcb-glx.so.0.0.0
7f8d38f06000-7f8d38f08000 r--p 00016000 08:01 3680190                    /usr/lib/x86_64-linux-gnu/libxcb-glx.so.0.0.0
7f8d38f08000-7f8d38f09000 rw-p 00018000 08:01 3680190                    /usr/lib/x86_64-linux-gnu/libxcb-glx.so.0.0.0
7f8d38f09000-7f8d38f0a000 r-xp 00000000 08:01 3671302                    /usr/lib/x86_64-linux-gnu/libX11-xcb.so.1.0.0
7f8d38f0a000-7f8d39109000 ---p 00001000 08:01 3671302                    /usr/lib/x86_64-linux-gnu/libX11-xcb.so.1.0.0
7f8d39109000-7f8d3910a000 r--p 00000000 08:01 3671302                    /usr/lib/x86_64-linux-gnu/libX11-xcb.so.1.0.0
7f8d3910a000-7f8d3910b000 rw-p 00001000 08:01 3671302                    /usr/lib/x86_64-linux-gnu/libX11-xcb.so.1.0.0
7f8d3910b000-7f8d3910d000 r-xp 00000000 08:01 3678781                    /usr/lib/x86_64-linux-gnu/libXdamage.so.1.1.0
7f8d3910d000-7f8d3930c000 ---p 00002000 08:01 3678781                    /usr/lib/x86_64-linux-gnu/libXdamage.so.1.1.0
7f8d3930c000-7f8d3930d000 r--p 00001000 08:01 3678781                    /usr/lib/x86_64-linux-gnu/libXdamage.so.1.1.0
7f8d3930d000-7f8d3930e000 rw-p 00002000 08:01 3678781                    /usr/lib/x86_64-linux-gnu/libXdamage.so.1.1.0
7f8d3930e000-7f8d3933a000 r-xp 00000000 08:01 3670240                    /usr/lib/x86_64-linux-gnu/libglapi.so.0.0.0
7f8d3933a000-7f8d39539000 ---p 0002c000 08:01 3670240                    /usr/lib/x86_64-linux-gnu/libglapi.so.0.0.0
7f8d39539000-7f8d3953d000 r--p 0002b000 08:01 3670240                    /usr/lib/x86_64-linux-gnu/libglapi.so.0.0.0
7f8d3953d000-7f8d3953e000 rw-p 0002f000 08:01 3670240                    /usr/lib/x86_64-linux-gnu/libglapi.so.0.0.0
7f8d3953e000-7f8d3953f000 rw-p 00000000 00:00 0 
7f8d3953f000-7f8d39540000 r-xp 00000000 08:01 3680257                    /usr/lib/x86_64-linux-gnu/libxshmfence.so.1.0.0
7f8d39540000-7f8d39740000 ---p 00001000 08:01 3680257                    /usr/lib/x86_64-linux-gnu/libxshmfence.so.1.0.0
7f8d39740000-7f8d39741000 r--p 00001000 08:01 3680257                    /usr/lib/x86_64-linux-gnu/libxshmfence.so.1.0.0
7f8d39741000-7f8d39742000 rw-p 00002000 08:01 3680257                    /usr/lib/x86_64-linux-gnu/libxshmfence.so.1.0.0
7f8d39742000-7f8d39747000 r-xp 00000000 08:01 3680210                    /usr/lib/x86_64-linux-gnu/libxcb-sync.so.1.0.0
7f8d39747000-7f8d39947000 ---p 00005000 08:01 3680210                    /usr/lib/x86_64-linux-gnu/libxcb-sync.so.1.0.0
7f8d39947000-7f8d39948000 r--p 00005000 08:01 3680210                    /usr/lib/x86_64-linux-gnu/libxcb-sync.so.1.0.0
7f8d39948000-7f8d39949000 rw-p 00006000 08:01 3680210                    /usr/lib/x86_64-linux-gnu/libxcb-sync.so.1.0.0
7f8d39949000-7f8d3994b000 r-xp 00000000 08:01 3680198                    /usr/lib/x86_64-linux-gnu/libxcb-present.so.0.0.0
7f8d3994b000-7f8d39b4a000 ---p 00002000 08:01 3680198                    /usr/lib/x86_64-linux-gnu/libxcb-present.so.0.0.0
7f8d39b4a000-7f8d39b4b000 r--p 00001000 08:01 3680198                    /usr/lib/x86_64-linux-gnu/libxcb-present.so.0.0.0
7f8d39b4b000-7f8d39b4c000 rw-p 00002000 08:01 3680198                    /usr/lib/x86_64-linux-gnu/libxcb-present.so.0.0.0
7f8d39b4c000-7f8d39b4e000 r-xp 00000000 08:01 3680188                    /usr/lib/x86_64-linux-gnu/libxcb-dri3.so.0.0.0
7f8d39b4e000-7f8d39d4d000 ---p 00002000 08:01 3680188                    /usr/lib/x86_64-linux-gnu/libxcb-dri3.so.0.0.0
7f8d39d4d000-7f8d39d4e000 r--p 00001000 08:01 3680188                    /usr/lib/x86_64-linux-gnu/libxcb-dri3.so.0.0.0
7f8d39d4e000-7f8d39d4f000 rw-p 00002000 08:01 3680188                    /usr/lib/x86_64-linux-gnu/libxcb-dri3.so.0.0.0
7f8d39d4f000-7f8d39d75000 r-xp 00000000 08:01 2494902                    /lib/x86_64-linux-gnu/libexpat.so.1.6.0
7f8d39d75000-7f8d39f75000 ---p 00026000 08:01 2494902                    /lib/x86_64-linux-gnu/libexpat.so.1.6.0
7f8d39f75000-7f8d39f77000 r--p 00026000 08:01 2494902                    /lib/x86_64-linux-gnu/libexpat.so.1.6.0
7f8d39f77000-7f8d39f78000 rw-p 00028000 08:01 2494902                    /lib/x86_64-linux-gnu/libexpat.so.1.6.0
7f8d39f78000-7f8d39fe8000 r-xp 00000000 08:01 4064497                    /usr/lib/x86_64-linux-gnu/mesa/libGL.so.1.2.0
7f8d39fe8000-7f8d3a1e7000 ---p 00070000 08:01 4064497                    /usr/lib/x86_64-linux-gnu/mesa/libGL.so.1.2.0
7f8d3a1e7000-7f8d3a1ea000 r--p 0006f000 08:01 4064497                    /usr/lib/x86_64-linux-gnu/mesa/libGL.so.1.2.0
7f8d3a1ea000-7f8d3a1eb000 rw-p 00072000 08:01 4064497                    /usr/lib/x86_64-linux-gnu/mesa/libGL.so.1.2.0
7f8d3a1eb000-7f8d3a3ec000 rw-p 00000000 00:00 0 
7f8d3a4b7000-7f8d3a4b9000 r-xp 00000000 08:01 3678795                    /usr/lib/x86_64-linux-gnu/libXinerama.so.1.0.0
7f8d3a4b9000-7f8d3a6b8000 ---p 00002000 08:01 3678795                    /usr/lib/x86_64-linux-gnu/libXinerama.so.1.0.0
7f8d3a6b8000-7f8d3a6b9000 r--p 00001000 08:01 3678795                    /usr/lib/x86_64-linux-gnu/libXinerama.so.1.0.0
7f8d3a6b9000-7f8d3a6ba000 rw-p 00002000 08:01 3678795                    /usr/lib/x86_64-linux-gnu/libXinerama.so.1.0.0
7f8d3a6ba000-7f8d3a6bd000 ---p 00000000 00:00 0 
7f8d3a6bd000-7f8d3ac6b000 rw-p 00000000 00:00 0 
7f8d3ac6b000-7f8d3ac7c000 r-xp 00000000 08:01 4345359                    /tmp/jogamp_0000/file_cache/jln1655227550099736512/jln8725886362893791859/natives/linux-amd64/libnewt.so
7f8d3ac7c000-7f8d3ae7b000 ---p 00011000 08:01 4345359                    /tmp/jogamp_0000/file_cache/jln1655227550099736512/jln8725886362893791859/natives/linux-amd64/libnewt.so
7f8d3ae7b000-7f8d3ae7c000 rw-p 00010000 08:01 4345359                    /tmp/jogamp_0000/file_cache/jln1655227550099736512/jln8725886362893791859/natives/linux-amd64/libnewt.so
7f8d3ae7c000-7f8d3ae83000 r-xp 00000000 08:01 4345357                    /tmp/jogamp_0000/file_cache/jln1655227550099736512/jln8725886362893791859/natives/linux-amd64/libnativewindow_x11.so
7f8d3ae83000-7f8d3b082000 ---p 00007000 08:01 4345357                    /tmp/jogamp_0000/file_cache/jln1655227550099736512/jln8725886362893791859/natives/linux-amd64/libnativewindow_x11.so
7f8d3b082000-7f8d3b083000 rw-p 00006000 08:01 4345357                    /tmp/jogamp_0000/file_cache/jln1655227550099736512/jln8725886362893791859/natives/linux-amd64/libnativewindow_x11.so
7f8d3b083000-7f8d3b086000 ---p 00000000 00:00 0 
7f8d3b086000-7f8d3b184000 rw-p 00000000 00:00 0 
7f8d3b184000-7f8d3b189000 r-xp 00000000 08:01 3678821                    /usr/lib/x86_64-linux-gnu/libXxf86vm.so.1.0.0
7f8d3b189000-7f8d3b388000 ---p 00005000 08:01 3678821                    /usr/lib/x86_64-linux-gnu/libXxf86vm.so.1.0.0
7f8d3b388000-7f8d3b389000 r--p 00004000 08:01 3678821                    /usr/lib/x86_64-linux-gnu/libXxf86vm.so.1.0.0
7f8d3b389000-7f8d3b38a000 rw-p 00005000 08:01 3678821                    /usr/lib/x86_64-linux-gnu/libXxf86vm.so.1.0.0
7f8d3b38a000-7f8d3b38c000 r-xp 00000000 08:01 4345351                    /tmp/jogamp_0000/file_cache/jln1655227550099736512/jln8725886362893791859/natives/linux-amd64/libnativewindow_awt.so
7f8d3b38c000-7f8d3b58b000 ---p 00002000 08:01 4345351                    /tmp/jogamp_0000/file_cache/jln1655227550099736512/jln8725886362893791859/natives/linux-amd64/libnativewindow_awt.so
7f8d3b58b000-7f8d3b58c000 rw-p 00001000 08:01 4345351                    /tmp/jogamp_0000/file_cache/jln1655227550099736512/jln8725886362893791859/natives/linux-amd64/libnativewindow_awt.so
7f8d3b58c000-7f8d3b58d000 r-xp 00000000 08:01 3818377                    /usr/lib/jvm/java-8-openjdk-amd64/jre/lib/amd64/libjawt.so
7f8d3b58d000-7f8d3b78c000 ---p 00001000 08:01 3818377                    /usr/lib/jvm/java-8-openjdk-amd64/jre/lib/amd64/libjawt.so
7f8d3b78c000-7f8d3b78d000 r--p 00000000 08:01 3818377                    /usr/lib/jvm/java-8-openjdk-amd64/jre/lib/amd64/libjawt.so
7f8d3b78d000-7f8d3b78e000 rw-p 00001000 08:01 3818377                    /usr/lib/jvm/java-8-openjdk-amd64/jre/lib/amd64/libjawt.so
7f8d3b78e000-7f8d3b790000 r-xp 00000000 08:01 4333629                    /tmp/jogamp_0000/file_cache/jln1655227550099736512/jln8725886362893791859/natives/linux-amd64/libgluegen-rt.so
7f8d3b790000-7f8d3b98f000 ---p 00002000 08:01 4333629                    /tmp/jogamp_0000/file_cache/jln1655227550099736512/jln8725886362893791859/natives/linux-amd64/libgluegen-rt.so
7f8d3b98f000-7f8d3b990000 rw-p 00001000 08:01 4333629                    /tmp/jogamp_0000/file_cache/jln1655227550099736512/jln8725886362893791859/natives/linux-amd64/libgluegen-rt.so
7f8d3b990000-7f8d3b993000 ---p 00000000 00:00 0 
7f8d3b993000-7f8d3ba91000 rw-p 00000000 00:00 0 
7f8d3ba91000-7f8d3baa2000 r-xp 00000000 08:01 3818391                    /usr/lib/jvm/java-8-openjdk-amd64/jre/lib/amd64/libnio.so
7f8d3baa2000-7f8d3bca1000 ---p 00011000 08:01 3818391                    /usr/lib/jvm/java-8-openjdk-amd64/jre/lib/amd64/libnio.so
7f8d3bca1000-7f8d3bca2000 r--p 00010000 08:01 3818391                    /usr/lib/jvm/java-8-openjdk-amd64/jre/lib/amd64/libnio.so
7f8d3bca2000-7f8d3bca3000 rw-p 00011000 08:01 3818391                    /usr/lib/jvm/java-8-openjdk-amd64/jre/lib/amd64/libnio.so
7f8d3bca3000-7f8d3eca4000 rw-p 00000000 00:00 0 
7f8d3eca4000-7f8d3ecba000 r-xp 00000000 08:01 3818374                    /usr/lib/jvm/java-8-openjdk-amd64/jre/lib/amd64/libnet.so
7f8d3ecba000-7f8d3eeba000 ---p 00016000 08:01 3818374                    /usr/lib/jvm/java-8-openjdk-amd64/jre/lib/amd64/libnet.so
7f8d3eeba000-7f8d3eebb000 r--p 00016000 08:01 3818374                    /usr/lib/jvm/java-8-openjdk-amd64/jre/lib/amd64/libnet.so
7f8d3eebb000-7f8d3eebc000 rw-p 00017000 08:01 3818374                    /usr/lib/jvm/java-8-openjdk-amd64/jre/lib/amd64/libnet.so
7f8d3eebc000-7f8d3f0bc000 rw-p 00000000 00:00 0 
7f8d3f0bc000-7f8d3f0c6000 r-xp 00000000 08:01 3678803                    /usr/lib/x86_64-linux-gnu/libXrandr.so.2.2.0
7f8d3f0c6000-7f8d3f2c5000 ---p 0000a000 08:01 3678803                    /usr/lib/x86_64-linux-gnu/libXrandr.so.2.2.0
7f8d3f2c5000-7f8d3f2c6000 r--p 00009000 08:01 3678803                    /usr/lib/x86_64-linux-gnu/libXrandr.so.2.2.0
7f8d3f2c6000-7f8d3f2c7000 rw-p 0000a000 08:01 3678803                    /usr/lib/x86_64-linux-gnu/libXrandr.so.2.2.0
7f8d3f2c7000-7f8d3f2cc000 r-xp 00000000 08:01 3678787                    /usr/lib/x86_64-linux-gnu/libXfixes.so.3.1.0
7f8d3f2cc000-7f8d3f4cb000 ---p 00005000 08:01 3678787                    /usr/lib/x86_64-linux-gnu/libXfixes.so.3.1.0
7f8d3f4cb000-7f8d3f4cc000 r--p 00004000 08:01 3678787                    /usr/lib/x86_64-linux-gnu/libXfixes.so.3.1.0
7f8d3f4cc000-7f8d3f4cd000 rw-p 00005000 08:01 3678787                    /usr/lib/x86_64-linux-gnu/libXfixes.so.3.1.0
7f8d3f4cd000-7f8d3f4d6000 r-xp 00000000 08:01 3675356                    /usr/lib/x86_64-linux-gnu/libXcursor.so.1.0.2
7f8d3f4d6000-7f8d3f6d5000 ---p 00009000 08:01 3675356                    /usr/lib/x86_64-linux-gnu/libXcursor.so.1.0.2
7f8d3f6d5000-7f8d3f6d6000 r--p 00008000 08:01 3675356                    /usr/lib/x86_64-linux-gnu/libXcursor.so.1.0.2
7f8d3f6d6000-7f8d3f6d7000 rw-p 00009000 08:01 3675356                    /usr/lib/x86_64-linux-gnu/libXcursor.so.1.0.2
7f8d3f6d7000-7f8d3f6fb000 r-xp 00000000 08:01 2494987                    /lib/x86_64-linux-gnu/libpng12.so.0.54.0
7f8d3f6fb000-7f8d3f8fa000 ---p 00024000 08:01 2494987                    /lib/x86_64-linux-gnu/libpng12.so.0.54.0
7f8d3f8fa000-7f8d3f8fb000 r--p 00023000 08:01 2494987                    /lib/x86_64-linux-gnu/libpng12.so.0.54.0
7f8d3f8fb000-7f8d3f8fc000 rw-p 00024000 08:01 2494987                    /lib/x86_64-linux-gnu/libpng12.so.0.54.0
7f8d3f8fc000-7f8d3f9a0000 r-xp 00000000 08:01 3675070                    /usr/lib/x86_64-linux-gnu/libfreetype.so.6.12.1
7f8d3f9a0000-7f8d3fb9f000 ---p 000a4000 08:01 3675070                    /usr/lib/x86_64-linux-gnu/libfreetype.so.6.12.1
7f8d3fb9f000-7f8d3fba5000 r--p 000a3000 08:01 3675070                    /usr/lib/x86_64-linux-gnu/libfreetype.so.6.12.1
7f8d3fba5000-7f8d3fba6000 rw-p 000a9000 08:01 3675070                    /usr/lib/x86_64-linux-gnu/libfreetype.so.6.12.1
7f8d3fba6000-7f8d3fbf7000 r-xp 00000000 08:01 3818370                    /usr/lib/jvm/java-8-openjdk-amd64/jre/lib/amd64/libfontmanager.so
7f8d3fbf7000-7f8d3fdf7000 ---p 00051000 08:01 3818370                    /usr/lib/jvm/java-8-openjdk-amd64/jre/lib/amd64/libfontmanager.so
7f8d3fdf7000-7f8d3fdf9000 r--p 00051000 08:01 3818370                    /usr/lib/jvm/java-8-openjdk-amd64/jre/lib/amd64/libfontmanager.so
7f8d3fdf9000-7f8d3fdfa000 rw-p 00053000 08:01 3818370                    /usr/lib/jvm/java-8-openjdk-amd64/jre/lib/amd64/libfontmanager.so
7f8d3fdfa000-7f8d3fdff000 r-xp 00000000 08:01 3678783                    /usr/lib/x86_64-linux-gnu/libXdmcp.so.6.0.0
7f8d3fdff000-7f8d3fffe000 ---p 00005000 08:01 3678783                    /usr/lib/x86_64-linux-gnu/libXdmcp.so.6.0.0
7f8d3fffe000-7f8d3ffff000 r--p 00004000 08:01 3678783                    /usr/lib/x86_64-linux-gnu/libXdmcp.so.6.0.0
7f8d3ffff000-7f8d40000000 rw-p 00005000 08:01 3678783                    /usr/lib/x86_64-linux-gnu/libXdmcp.so.6.0.0
7f8d40000000-7f8d41737000 rw-p 00000000 00:00 0 
7f8d41737000-7f8d44000000 ---p 00000000 00:00 0 
7f8d44000000-7f8d44021000 rw-p 00000000 00:00 0 
7f8d44021000-7f8d48000000 ---p 00000000 00:00 0 
7f8d48000000-7f8d48021000 rw-p 00000000 00:00 0 
7f8d48021000-7f8d4c000000 ---p 00000000 00:00 0 
7f8d4c000000-7f8d4c187000 rw-p 00000000 00:00 0 
7f8d4c187000-7f8d50000000 ---p 00000000 00:00 0 
7f8d50000000-7f8d50021000 rw-p 00000000 00:00 0 
7f8d50021000-7f8d54000000 ---p 00000000 00:00 0 
7f8d54000000-7f8d54021000 rw-p 00000000 00:00 0 
7f8d54021000-7f8d58000000 ---p 00000000 00:00 0 
7f8d58000000-7f8d581d9000 rw-p 00000000 00:00 0 
7f8d581d9000-7f8d5c000000 ---p 00000000 00:00 0 
7f8d5c015000-7f8d5c019000 rw-s 00000000 00:18 304                        /i915 (deleted)
7f8d5c019000-7f8d5c01d000 rw-s 00000000 00:18 269                        /i915 (deleted)
7f8d5c01d000-7f8d5c021000 rw-s 00000000 00:18 276                        /i915 (deleted)
7f8d5c021000-7f8d5c025000 rw-s 00000000 00:18 209                        /i915 (deleted)
7f8d5c025000-7f8d5c029000 rw-s 00000000 00:18 237                        /i915 (deleted)
7f8d5c029000-7f8d5c02d000 rw-s 00000000 00:18 199                        /i915 (deleted)
7f8d5c02d000-7f8d5c031000 rw-s 00000000 00:18 254                        /i915 (deleted)
7f8d5c031000-7f8d5c035000 rw-s 00000000 00:18 214                        /i915 (deleted)
7f8d5c035000-7f8d5c038000 ---p 00000000 00:00 0 
7f8d5c038000-7f8d5c06e000 rw-p 00000000 00:00 0 
7f8d5c06e000-7f8d5c070000 r-xp 00000000 08:01 3678772                    /usr/lib/x86_64-linux-gnu/libXau.so.6.0.0
7f8d5c070000-7f8d5c270000 ---p 00002000 08:01 3678772                    /usr/lib/x86_64-linux-gnu/libXau.so.6.0.0
7f8d5c270000-7f8d5c271000 r--p 00002000 08:01 3678772                    /usr/lib/x86_64-linux-gnu/libXau.so.6.0.0
7f8d5c271000-7f8d5c272000 rw-p 00003000 08:01 3678772                    /usr/lib/x86_64-linux-gnu/libXau.so.6.0.0
7f8d5c272000-7f8d5c293000 r-xp 00000000 08:01 3680218                    /usr/lib/x86_64-linux-gnu/libxcb.so.1.1.0
7f8d5c293000-7f8d5c492000 ---p 00021000 08:01 3680218                    /usr/lib/x86_64-linux-gnu/libxcb.so.1.1.0
7f8d5c492000-7f8d5c493000 r--p 00020000 08:01 3680218                    /usr/lib/x86_64-linux-gnu/libxcb.so.1.1.0
7f8d5c493000-7f8d5c494000 rw-p 00021000 08:01 3680218                    /usr/lib/x86_64-linux-gnu/libxcb.so.1.1.0
7f8d5c494000-7f8d5c4a3000 r-xp 00000000 08:01 3678793                    /usr/lib/x86_64-linux-gnu/libXi.so.6.1.0
7f8d5c4a3000-7f8d5c6a2000 ---p 0000f000 08:01 3678793                    /usr/lib/x86_64-linux-gnu/libXi.so.6.1.0
7f8d5c6a2000-7f8d5c6a3000 r--p 0000e000 08:01 3678793                    /usr/lib/x86_64-linux-gnu/libXi.so.6.1.0
7f8d5c6a3000-7f8d5c6a4000 rw-p 0000f000 08:01 3678793                    /usr/lib/x86_64-linux-gnu/libXi.so.6.1.0
7f8d5c6a4000-7f8d5c6a9000 r-xp 00000000 08:01 3678811                    /usr/lib/x86_64-linux-gnu/libXtst.so.6.1.0
7f8d5c6a9000-7f8d5c8a8000 ---p 00005000 08:01 3678811                    /usr/lib/x86_64-linux-gnu/libXtst.so.6.1.0
7f8d5c8a8000-7f8d5c8a9000 r--p 00004000 08:01 3678811                    /usr/lib/x86_64-linux-gnu/libXtst.so.6.1.0
7f8d5c8a9000-7f8d5c8aa000 rw-p 00005000 08:01 3678811                    /usr/lib/x86_64-linux-gnu/libXtst.so.6.1.0
7f8d5c8aa000-7f8d5c8b3000 r-xp 00000000 08:01 3678805                    /usr/lib/x86_64-linux-gnu/libXrender.so.1.3.0
7f8d5c8b3000-7f8d5cab2000 ---p 00009000 08:01 3678805                    /usr/lib/x86_64-linux-gnu/libXrender.so.1.3.0
7f8d5cab2000-7f8d5cab3000 r--p 00008000 08:01 3678805                    /usr/lib/x86_64-linux-gnu/libXrender.so.1.3.0
7f8d5cab3000-7f8d5cab4000 rw-p 00009000 08:01 3678805                    /usr/lib/x86_64-linux-gnu/libXrender.so.1.3.0
7f8d5cab4000-7f8d5cbe9000 r-xp 00000000 08:01 3671025                    /usr/lib/x86_64-linux-gnu/libX11.so.6.3.0
7f8d5cbe9000-7f8d5cde9000 ---p 00135000 08:01 3671025                    /usr/lib/x86_64-linux-gnu/libX11.so.6.3.0
7f8d5cde9000-7f8d5cdea000 r--p 00135000 08:01 3671025                    /usr/lib/x86_64-linux-gnu/libX11.so.6.3.0
7f8d5cdea000-7f8d5cdee000 rw-p 00136000 08:01 3671025                    /usr/lib/x86_64-linux-gnu/libX11.so.6.3.0
7f8d5cdee000-7f8d5cdff000 r-xp 00000000 08:01 3678785                    /usr/lib/x86_64-linux-gnu/libXext.so.6.4.0
7f8d5cdff000-7f8d5cffe000 ---p 00011000 08:01 3678785                    /usr/lib/x86_64-linux-gnu/libXext.so.6.4.0
7f8d5cffe000-7f8d5cfff000 r--p 00010000 08:01 3678785                    /usr/lib/x86_64-linux-gnu/libXext.so.6.4.0
7f8d5cfff000-7f8d5d000000 rw-p 00011000 08:01 3678785                    /usr/lib/x86_64-linux-gnu/libXext.so.6.4.0
7f8d5d000000-7f8d5d380000 rwxp 00000000 00:00 0 
7f8d5d380000-7f8d6c000000 ---p 00000000 00:00 0 
7f8d6c000000-7f8d6f2d3000 rw-p 00000000 00:00 0 
7f8d6f2d3000-7f8d70000000 ---p 00000000 00:00 0 
7f8d70002000-7f8d70003000 rwxp 00000000 00:00 0 
7f8d70003000-7f8d70004000 r--p 00000000 00:00 0 
7f8d70004000-7f8d70009000 r--s 000a3000 08:01 3818407                    /usr/lib/jvm/java-8-openjdk-amd64/jre/lib/jsse.jar
7f8d70009000-7f8d7000c000 ---p 00000000 00:00 0 
7f8d7000c000-7f8d7010a000 rw-p 00000000 00:00 0 
7f8d7010a000-7f8d7010d000 ---p 00000000 00:00 0 
7f8d7010d000-7f8d7020b000 rw-p 00000000 00:00 0 
7f8d7020b000-7f8d7021e000 r--s 00346000 08:01 3818408                    /usr/lib/jvm/java-8-openjdk-amd64/jre/lib/resources.jar
7f8d7021e000-7f8d7027a000 r-xp 00000000 08:01 3818384                    /usr/lib/jvm/java-8-openjdk-amd64/jre/lib/amd64/libawt_xawt.so
7f8d7027a000-7f8d70479000 ---p 0005c000 08:01 3818384                    /usr/lib/jvm/java-8-openjdk-amd64/jre/lib/amd64/libawt_xawt.so
7f8d70479000-7f8d7047a000 r--p 0005b000 08:01 3818384                    /usr/lib/jvm/java-8-openjdk-amd64/jre/lib/amd64/libawt_xawt.so
7f8d7047a000-7f8d7047d000 rw-p 0005c000 08:01 3818384                    /usr/lib/jvm/java-8-openjdk-amd64/jre/lib/amd64/libawt_xawt.so
7f8d7047d000-7f8d7047f000 rw-p 00000000 00:00 0 
7f8d7047f000-7f8d7051e000 r-xp 00000000 08:01 3818385                    /usr/lib/jvm/java-8-openjdk-amd64/jre/lib/amd64/libawt.so
7f8d7051e000-7f8d7071e000 ---p 0009f000 08:01 3818385                    /usr/lib/jvm/java-8-openjdk-amd64/jre/lib/amd64/libawt.so
7f8d7071e000-7f8d7071f000 r--p 0009f000 08:01 3818385                    /usr/lib/jvm/java-8-openjdk-amd64/jre/lib/amd64/libawt.so
7f8d7071f000-7f8d7072a000 rw-p 000a0000 08:01 3818385                    /usr/lib/jvm/java-8-openjdk-amd64/jre/lib/amd64/libawt.so
7f8d7072a000-7f8d7074f000 rw-p 00000000 00:00 0 
7f8d7074f000-7f8d70773000 r--s 0031b000 08:10 253409                     /media/sage/JamsFiles/Programs/Active/ElecSim/lib64/jogl-all.jar
7f8d70773000-7f8d70779000 r--s 0004f000 08:10 253405                     /media/sage/JamsFiles/Programs/Active/ElecSim/lib64/gluegen-rt.jar
7f8d70779000-7f8d7077e000 r--s 002f9000 08:01 3818405                    /usr/lib/jvm/java-8-openjdk-amd64/jre/lib/charsets.jar
7f8d7077e000-7f8d70785000 r--s 000ff000 08:10 253404                     /media/sage/JamsFiles/Programs/Active/ElecSim/lib64/core.jar
7f8d70785000-7f8d707a0000 r--s 00394000 08:01 3818184                    /usr/lib/jvm/java-8-openjdk-amd64/jre/lib/ext/cldrdata.jar
7f8d707a0000-7f8d707bb000 r--s 001d6000 08:01 3818181                    /usr/lib/jvm/java-8-openjdk-amd64/jre/lib/ext/nashorn.jar
7f8d707bb000-7f8d707bc000 ---p 00000000 00:00 0 
7f8d707bc000-7f8d708bc000 rw-p 00000000 00:00 0 
7f8d708bc000-7f8d708bf000 ---p 00000000 00:00 0 
7f8d708bf000-7f8d709bd000 rw-p 00000000 00:00 0 
7f8d709bd000-7f8d709c0000 ---p 00000000 00:00 0 
7f8d709c0000-7f8d70abe000 rw-p 00000000 00:00 0 
7f8d70abe000-7f8d70ac1000 ---p 00000000 00:00 0 
7f8d70ac1000-7f8d70bbf000 rw-p 00000000 00:00 0 
7f8d70bbf000-7f8d70bc2000 ---p 00000000 00:00 0 
7f8d70bc2000-7f8d70cc0000 rw-p 00000000 00:00 0 
7f8d70cc0000-7f8d70f98000 r--p 00000000 08:01 3671082                    /usr/lib/locale/locale-archive
7f8d70f98000-7f8d70f9b000 ---p 00000000 00:00 0 
7f8d70f9b000-7f8d71099000 rw-p 00000000 00:00 0 
7f8d71099000-7f8d7109c000 ---p 00000000 00:00 0 
7f8d7109c000-7f8d7119a000 rw-p 00000000 00:00 0 
7f8d7119a000-7f8d7119b000 ---p 00000000 00:00 0 
7f8d7119b000-7f8d7129b000 rw-p 00000000 00:00 0 
7f8d7129b000-7f8d7146b000 r--s 03c5c000 08:01 3811895                    /usr/lib/jvm/java-8-openjdk-amd64/jre/lib/rt.jar
7f8d7146b000-7f8d71cf1000 rw-p 00000000 00:00 0 
7f8d71cf1000-7f8d71dd6000 ---p 00000000 00:00 0 
7f8d71dd6000-7f8d71dde000 rw-p 00000000 00:00 0 
7f8d71dde000-7f8d71e50000 ---p 00000000 00:00 0 
7f8d71e50000-7f8d71e60000 rw-p 00000000 00:00 0 
7f8d71e60000-7f8d71f45000 ---p 00000000 00:00 0 
7f8d71f45000-7f8d71f54000 rw-p 00000000 00:00 0 
7f8d71f54000-7f8d72306000 ---p 00000000 00:00 0 
7f8d72306000-7f8d7230e000 r-xp 00000000 08:01 3818388                    /usr/lib/jvm/java-8-openjdk-amd64/jre/lib/amd64/libzip.so
7f8d7230e000-7f8d7250d000 ---p 00008000 08:01 3818388                    /usr/lib/jvm/java-8-openjdk-amd64/jre/lib/amd64/libzip.so
7f8d7250d000-7f8d7250e000 r--p 00007000 08:01 3818388                    /usr/lib/jvm/java-8-openjdk-amd64/jre/lib/amd64/libzip.so
7f8d7250e000-7f8d7250f000 rw-p 00008000 08:01 3818388                    /usr/lib/jvm/java-8-openjdk-amd64/jre/lib/amd64/libzip.so
7f8d7250f000-7f8d7251a000 r-xp 00000000 08:01 2495128                    /lib/x86_64-linux-gnu/libnss_files-2.23.so
7f8d7251a000-7f8d72719000 ---p 0000b000 08:01 2495128                    /lib/x86_64-linux-gnu/libnss_files-2.23.so
7f8d72719000-7f8d7271a000 r--p 0000a000 08:01 2495128                    /lib/x86_64-linux-gnu/libnss_files-2.23.so
7f8d7271a000-7f8d7271b000 rw-p 0000b000 08:01 2495128                    /lib/x86_64-linux-gnu/libnss_files-2.23.so
7f8d7271b000-7f8d72721000 rw-p 00000000 00:00 0 
7f8d72721000-7f8d7272c000 r-xp 00000000 08:01 2495062                    /lib/x86_64-linux-gnu/libnss_nis-2.23.so
7f8d7272c000-7f8d7292b000 ---p 0000b000 08:01 2495062                    /lib/x86_64-linux-gnu/libnss_nis-2.23.so
7f8d7292b000-7f8d7292c000 r--p 0000a000 08:01 2495062                    /lib/x86_64-linux-gnu/libnss_nis-2.23.so
7f8d7292c000-7f8d7292d000 rw-p 0000b000 08:01 2495062                    /lib/x86_64-linux-gnu/libnss_nis-2.23.so
7f8d7292d000-7f8d72943000 r-xp 00000000 08:01 2495105                    /lib/x86_64-linux-gnu/libnsl-2.23.so
7f8d72943000-7f8d72b42000 ---p 00016000 08:01 2495105                    /lib/x86_64-linux-gnu/libnsl-2.23.so
7f8d72b42000-7f8d72b43000 r--p 00015000 08:01 2495105                    /lib/x86_64-linux-gnu/libnsl-2.23.so
7f8d72b43000-7f8d72b44000 rw-p 00016000 08:01 2495105                    /lib/x86_64-linux-gnu/libnsl-2.23.so
7f8d72b44000-7f8d72b46000 rw-p 00000000 00:00 0 
7f8d72b46000-7f8d72b4e000 r-xp 00000000 08:01 2495151                    /lib/x86_64-linux-gnu/libnss_compat-2.23.so
7f8d72b4e000-7f8d72d4d000 ---p 00008000 08:01 2495151                    /lib/x86_64-linux-gnu/libnss_compat-2.23.so
7f8d72d4d000-7f8d72d4e000 r--p 00007000 08:01 2495151                    /lib/x86_64-linux-gnu/libnss_compat-2.23.so
7f8d72d4e000-7f8d72d4f000 rw-p 00008000 08:01 2495151                    /lib/x86_64-linux-gnu/libnss_compat-2.23.so
7f8d72d4f000-7f8d72d78000 r-xp 00000000 08:01 3818373                    /usr/lib/jvm/java-8-openjdk-amd64/jre/lib/amd64/libjava.so
7f8d72d78000-7f8d72f77000 ---p 00029000 08:01 3818373                    /usr/lib/jvm/java-8-openjdk-amd64/jre/lib/amd64/libjava.so
7f8d72f77000-7f8d72f78000 r--p 00028000 08:01 3818373                    /usr/lib/jvm/java-8-openjdk-amd64/jre/lib/amd64/libjava.so
7f8d72f78000-7f8d72f7a000 rw-p 00029000 08:01 3818373                    /usr/lib/jvm/java-8-openjdk-amd64/jre/lib/amd64/libjava.so
7f8d72f7a000-7f8d72f89000 r-xp 00000000 08:01 3818390                    /usr/lib/jvm/java-8-openjdk-amd64/jre/lib/amd64/libverify.so
7f8d72f89000-7f8d73188000 ---p 0000f000 08:01 3818390                    /usr/lib/jvm/java-8-openjdk-amd64/jre/lib/amd64/libverify.so
7f8d73188000-7f8d7318a000 r--p 0000e000 08:01 3818390                    /usr/lib/jvm/java-8-openjdk-amd64/jre/lib/amd64/libverify.so
7f8d7318a000-7f8d7318b000 rw-p 00010000 08:01 3818390                    /usr/lib/jvm/java-8-openjdk-amd64/jre/lib/amd64/libverify.so
7f8d7318b000-7f8d73192000 r-xp 00000000 08:01 2495017                    /lib/x86_64-linux-gnu/librt-2.23.so
7f8d73192000-7f8d73391000 ---p 00007000 08:01 2495017                    /lib/x86_64-linux-gnu/librt-2.23.so
7f8d73391000-7f8d73392000 r--p 00006000 08:01 2495017                    /lib/x86_64-linux-gnu/librt-2.23.so
7f8d73392000-7f8d73393000 rw-p 00007000 08:01 2495017                    /lib/x86_64-linux-gnu/librt-2.23.so
7f8d73393000-7f8d733a9000 r-xp 00000000 08:01 2495073                    /lib/x86_64-linux-gnu/libgcc_s.so.1
7f8d733a9000-7f8d735a8000 ---p 00016000 08:01 2495073                    /lib/x86_64-linux-gnu/libgcc_s.so.1
7f8d735a8000-7f8d735a9000 rw-p 00015000 08:01 2495073                    /lib/x86_64-linux-gnu/libgcc_s.so.1
7f8d735a9000-7f8d736b1000 r-xp 00000000 08:01 2495176                    /lib/x86_64-linux-gnu/libm-2.23.so
7f8d736b1000-7f8d738b0000 ---p 00108000 08:01 2495176                    /lib/x86_64-linux-gnu/libm-2.23.so
7f8d738b0000-7f8d738b1000 r--p 00107000 08:01 2495176                    /lib/x86_64-linux-gnu/libm-2.23.so
7f8d738b1000-7f8d738b2000 rw-p 00108000 08:01 2495176                    /lib/x86_64-linux-gnu/libm-2.23.so
7f8d738b2000-7f8d73a24000 r-xp 00000000 08:01 3670533                    /usr/lib/x86_64-linux-gnu/libstdc++.so.6.0.21
7f8d73a24000-7f8d73c24000 ---p 00172000 08:01 3670533                    /usr/lib/x86_64-linux-gnu/libstdc++.so.6.0.21
7f8d73c24000-7f8d73c2e000 r--p 00172000 08:01 3670533                    /usr/lib/x86_64-linux-gnu/libstdc++.so.6.0.21
7f8d73c2e000-7f8d73c30000 rw-p 0017c000 08:01 3670533                    /usr/lib/x86_64-linux-gnu/libstdc++.so.6.0.21
7f8d73c30000-7f8d73c34000 rw-p 00000000 00:00 0 
7f8d73c34000-7f8d74898000 r-xp 00000000 08:01 3818400                    /usr/lib/jvm/java-8-openjdk-amd64/jre/lib/amd64/server/libjvm.so
7f8d74898000-7f8d74a97000 ---p 00c64000 08:01 3818400                    /usr/lib/jvm/java-8-openjdk-amd64/jre/lib/amd64/server/libjvm.so
7f8d74a97000-7f8d74b2b000 r--p 00c63000 08:01 3818400                    /usr/lib/jvm/java-8-openjdk-amd64/jre/lib/amd64/server/libjvm.so
7f8d74b2b000-7f8d74b54000 rw-p 00cf7000 08:01 3818400                    /usr/lib/jvm/java-8-openjdk-amd64/jre/lib/amd64/server/libjvm.so
7f8d74b54000-7f8d74b84000 rw-p 00000000 00:00 0 
7f8d74b84000-7f8d74b9c000 r-xp 00000000 08:01 2495045                    /lib/x86_64-linux-gnu/libpthread-2.23.so
7f8d74b9c000-7f8d74d9b000 ---p 00018000 08:01 2495045                    /lib/x86_64-linux-gnu/libpthread-2.23.so
7f8d74d9b000-7f8d74d9c000 r--p 00017000 08:01 2495045                    /lib/x86_64-linux-gnu/libpthread-2.23.so
7f8d74d9c000-7f8d74d9d000 rw-p 00018000 08:01 2495045                    /lib/x86_64-linux-gnu/libpthread-2.23.so
7f8d74d9d000-7f8d74da1000 rw-p 00000000 00:00 0 
7f8d74da1000-7f8d74da4000 r-xp 00000000 08:01 2495027                    /lib/x86_64-linux-gnu/libdl-2.23.so
7f8d74da4000-7f8d74fa3000 ---p 00003000 08:01 2495027                    /lib/x86_64-linux-gnu/libdl-2.23.so
7f8d74fa3000-7f8d74fa4000 r--p 00002000 08:01 2495027                    /lib/x86_64-linux-gnu/libdl-2.23.so
7f8d74fa4000-7f8d74fa5000 rw-p 00003000 08:01 2495027                    /lib/x86_64-linux-gnu/libdl-2.23.so
7f8d74fa5000-7f8d74fbe000 r-xp 00000000 08:01 2495226                    /lib/x86_64-linux-gnu/libz.so.1.2.8
7f8d74fbe000-7f8d751bd000 ---p 00019000 08:01 2495226                    /lib/x86_64-linux-gnu/libz.so.1.2.8
7f8d751bd000-7f8d751be000 r--p 00018000 08:01 2495226                    /lib/x86_64-linux-gnu/libz.so.1.2.8
7f8d751be000-7f8d751bf000 rw-p 00019000 08:01 2495226                    /lib/x86_64-linux-gnu/libz.so.1.2.8
7f8d751bf000-7f8d7537f000 r-xp 00000000 08:01 2495144                    /lib/x86_64-linux-gnu/libc-2.23.so
7f8d7537f000-7f8d7557f000 ---p 001c0000 08:01 2495144                    /lib/x86_64-linux-gnu/libc-2.23.so
7f8d7557f000-7f8d75583000 r--p 001c0000 08:01 2495144                    /lib/x86_64-linux-gnu/libc-2.23.so
7f8d75583000-7f8d75585000 rw-p 001c4000 08:01 2495144                    /lib/x86_64-linux-gnu/libc-2.23.so
7f8d75585000-7f8d75589000 rw-p 00000000 00:00 0 
7f8d75589000-7f8d75596000 r-xp 00000000 08:01 3818382                    /usr/lib/jvm/java-8-openjdk-amd64/jre/lib/amd64/jli/libjli.so
7f8d75596000-7f8d75795000 ---p 0000d000 08:01 3818382                    /usr/lib/jvm/java-8-openjdk-amd64/jre/lib/amd64/jli/libjli.so
7f8d75795000-7f8d75796000 r--p 0000c000 08:01 3818382                    /usr/lib/jvm/java-8-openjdk-amd64/jre/lib/amd64/jli/libjli.so
7f8d75796000-7f8d75797000 rw-p 0000d000 08:01 3818382                    /usr/lib/jvm/java-8-openjdk-amd64/jre/lib/amd64/jli/libjli.so
7f8d75797000-7f8d757bd000 r-xp 00000000 08:01 2495035                    /lib/x86_64-linux-gnu/ld-2.23.so
7f8d757bd000-7f8d757be000 r--p 00000000 08:01 4592509                    /usr/share/locale-langpack/en_GB/LC_MESSAGES/libc.mo
7f8d757be000-7f8d757bf000 r--s 00036000 08:10 253410                     /media/sage/JamsFiles/Programs/Active/ElecSim/lib64/jogl-all-natives-linux-amd64.jar
7f8d757bf000-7f8d757c1000 r--s 00000000 08:10 253406                     /media/sage/JamsFiles/Programs/Active/ElecSim/lib64/gluegen-rt-natives-linux-amd64.jar
7f8d757c1000-7f8d75892000 rw-p 00000000 00:00 0 
7f8d75892000-7f8d75895000 ---p 00000000 00:00 0 
7f8d75895000-7f8d75997000 rw-p 00000000 00:00 0 
7f8d75997000-7f8d75998000 r--s 00010000 08:01 3818345                    /usr/lib/jvm/java-8-openjdk-amd64/jre/lib/ext/zipfs.jar
7f8d75998000-7f8d759a2000 r--s 00116000 08:01 3818347                    /usr/lib/jvm/java-8-openjdk-amd64/jre/lib/ext/localedata.jar
7f8d759a2000-7f8d759a3000 r--s 0000d000 08:01 3818179                    /usr/lib/jvm/java-8-openjdk-amd64/jre/lib/ext/sunec.jar
7f8d759a3000-7f8d759a8000 r--s 0003c000 08:01 3818187                    /usr/lib/jvm/java-8-openjdk-amd64/jre/lib/ext/sunjce_provider.jar
7f8d759a8000-7f8d759ab000 r--s 0000f000 08:01 3818180                    /usr/lib/jvm/java-8-openjdk-amd64/jre/lib/ext/icedtea-sound.jar
7f8d759ab000-7f8d759ad000 r--s 00001000 08:01 3818185                    /usr/lib/jvm/java-8-openjdk-amd64/jre/lib/ext/dnsns.jar
7f8d759ad000-7f8d759b0000 r--s 00039000 08:01 3818183                    /usr/lib/jvm/java-8-openjdk-amd64/jre/lib/ext/sunpkcs11.jar
7f8d759b0000-7f8d759b1000 r--s 0000a000 08:01 3818182                    /usr/lib/jvm/java-8-openjdk-amd64/jre/lib/ext/jaccess.jar
7f8d759b1000-7f8d759b9000 rw-s 00000000 08:01 4094994                    /tmp/hsperfdata_sage/13997
7f8d759b9000-7f8d759ba000 rw-p 00000000 00:00 0 
7f8d759ba000-7f8d759bb000 r--p 00000000 00:00 0 
7f8d759bb000-7f8d759bc000 rw-p 00000000 00:00 0 
7f8d759bc000-7f8d759bd000 r--p 00025000 08:01 2495035                    /lib/x86_64-linux-gnu/ld-2.23.so
7f8d759bd000-7f8d759be000 rw-p 00026000 08:01 2495035                    /lib/x86_64-linux-gnu/ld-2.23.so
7f8d759be000-7f8d759bf000 rw-p 00000000 00:00 0 
7ffea40e8000-7ffea4109000 rw-p 00000000 00:00 0                          [stack]
7ffea41af000-7ffea41b2000 r--p 00000000 00:00 0                          [vvar]
7ffea41b2000-7ffea41b4000 r-xp 00000000 00:00 0                          [vdso]
ffffffffff600000-ffffffffff601000 r-xp 00000000 00:00 0                  [vsyscall]

VM Arguments:
jvm_args: -Dfile.encoding=UTF-8 
java_command: com.cospox.elecsim.Main
java_class_path (initial): /media/sage/JamsFiles/Programs/Active/ElecSim/bin:/media/sage/JamsFiles/Programs/Active/ElecSim/lib64/core.jar:/media/sage/JamsFiles/Programs/Active/ElecSim/lib64/gluegen-rt-natives-linux-amd64.jar:/media/sage/JamsFiles/Programs/Active/ElecSim/lib64/gluegen-rt.jar:/media/sage/JamsFiles/Programs/Active/ElecSim/lib64/jogl-all-natives-linux-amd64.jar:/media/sage/JamsFiles/Programs/Active/ElecSim/lib64/jogl-all.jar
Launcher Type: SUN_STANDARD

Environment Variables:
PATH=/home/sage/bin:/home/sage/.local/bin:/usr/local/sbin:/usr/local/bin:/usr/sbin:/usr/bin:/sbin:/bin:/usr/games:/usr/local/games:/snap/bin
SHELL=/bin/bash
DISPLAY=:0.0

Signal Handlers:
SIGSEGV: [libjvm.so+0xa783e0], sa_mask[0]=11111111011111111101111111111110, sa_flags=SA_RESTART|SA_SIGINFO
SIGBUS: [libjvm.so+0xa783e0], sa_mask[0]=11111111011111111101111111111110, sa_flags=SA_RESTART|SA_SIGINFO
SIGFPE: [libjvm.so+0x8c0e10], sa_mask[0]=11111111011111111101111111111110, sa_flags=SA_RESTART|SA_SIGINFO
SIGPIPE: [libjvm.so+0x8c0e10], sa_mask[0]=11111111011111111101111111111110, sa_flags=SA_RESTART|SA_SIGINFO
SIGXFSZ: [libjvm.so+0x8c0e10], sa_mask[0]=11111111011111111101111111111110, sa_flags=SA_RESTART|SA_SIGINFO
SIGILL: [libjvm.so+0x8c0e10], sa_mask[0]=11111111011111111101111111111110, sa_flags=SA_RESTART|SA_SIGINFO
SIGUSR1: SIG_DFL, sa_mask[0]=00000000000000000000000000000000, sa_flags=none
SIGUSR2: [libjvm.so+0x8c0cc0], sa_mask[0]=00100000000000000000000000000000, sa_flags=SA_RESTART|SA_SIGINFO
SIGHUP: [libjvm.so+0x8c1350], sa_mask[0]=11111111011111111101111111111110, sa_flags=SA_RESTART|SA_SIGINFO
SIGINT: [libjvm.so+0x8c1350], sa_mask[0]=11111111011111111101111111111110, sa_flags=SA_RESTART|SA_SIGINFO
SIGTERM: [libjvm.so+0x8c1350], sa_mask[0]=11111111011111111101111111111110, sa_flags=SA_RESTART|SA_SIGINFO
SIGQUIT: [libjvm.so+0x8c1350], sa_mask[0]=11111111011111111101111111111110, sa_flags=SA_RESTART|SA_SIGINFO


---------------  S Y S T E M  ---------------

OS:DISTRIB_ID=LinuxMint
DISTRIB_RELEASE=18.3
DISTRIB_CODENAME=sylvia
DISTRIB_DESCRIPTION="Linux Mint 18.3 Sylvia"

uname:Linux 4.15.0-60-generic #67~16.04.1-Ubuntu SMP Mon Aug 26 08:57:33 UTC 2019 x86_64
libc:glibc 2.23 NPTL 2.23 
rlimit: STACK 8192k, CORE 0k, NPROC 11485, NOFILE 1048576, AS infinity
load average:0.70 1.14 1.47

/proc/meminfo:
MemTotal:        3003244 kB
MemFree:           71332 kB
MemAvailable:     845576 kB
Buffers:          102744 kB
Cached:          1140072 kB
SwapCached:       117948 kB
Active:          1511676 kB
Inactive:        1236656 kB
Active(anon):    1126052 kB
Inactive(anon):   736564 kB
Active(file):     385624 kB
Inactive(file):   500092 kB
Unevictable:          80 kB
Mlocked:              80 kB
SwapTotal:       4094972 kB
SwapFree:        3820028 kB
Dirty:              1488 kB
Writeback:             0 kB
AnonPages:       1475052 kB
Mapped:           396568 kB
Shmem:            356960 kB
Slab:              82280 kB
SReclaimable:      47472 kB
SUnreclaim:        34808 kB
KernelStack:        7600 kB
PageTables:        38836 kB
NFS_Unstable:          0 kB
Bounce:                0 kB
WritebackTmp:          0 kB
CommitLimit:     5596592 kB
Committed_AS:    5342048 kB
VmallocTotal:   34359738367 kB
VmallocUsed:           0 kB
VmallocChunk:          0 kB
HardwareCorrupted:     0 kB
AnonHugePages:         0 kB
ShmemHugePages:        0 kB
ShmemPmdMapped:        0 kB
CmaTotal:              0 kB
CmaFree:               0 kB
HugePages_Total:       0
HugePages_Free:        0
HugePages_Rsvd:        0
HugePages_Surp:        0
Hugepagesize:       2048 kB
DirectMap4k:      402748 kB
DirectMap2M:     2672640 kB

container (cgroup) information:
container_type: cgroupv1
cpu_cpuset_cpus: 0
cpu_memory_nodes: 0
active_processor_count: 1
cpu_quota: -1
cpu_period: 100000
cpu_shares: -1
memory_limit_in_bytes: -1
memory_and_swap_limit_in_bytes: -2
memory_soft_limit_in_bytes: -1
memory_usage_in_bytes: 2786185216
memory_max_usage_in_bytes: 0


CPU:total 1 (initial active 1) (1 cores per cpu, 1 threads per core) family 6 model 23 stepping 10, cmov, cx8, fxsr, mmx, sse, sse2, sse3, ssse3, tsc

/proc/cpuinfo:
processor	: 0
vendor_id	: GenuineIntel
cpu family	: 6
model		: 23
model name	: Intel(R) Celeron(R) CPU          900  @ 2.20GHz
stepping	: 10
microcode	: 0xa0b
cpu MHz		: 2194.520
cache size	: 1024 KB
physical id	: 0
siblings	: 1
core id		: 0
cpu cores	: 1
apicid		: 0
initial apicid	: 0
fpu		: yes
fpu_exception	: yes
cpuid level	: 13
wp		: yes
flags		: fpu vme de pse tsc msr pae mce cx8 apic sep mtrr pge mca cmov pat pse36 clflush dts acpi mmx fxsr sse sse2 ss tm pbe syscall nx lm constant_tsc arch_perfmon pebs bts rep_good nopl cpuid aperfmperf pni dtes64 monitor ds_cpl tm2 ssse3 cx16 xtpr pdcm xsave lahf_lm pti dtherm
bugs		: cpu_meltdown spectre_v1 spectre_v2 spec_store_bypass l1tf mds swapgs
bogomips	: 4389.04
clflush size	: 64
cache_alignment	: 64
address sizes	: 36 bits physical, 48 bits virtual
power management:



Memory: 4k page, physical 3003244k(71332k free), swap 4094972k(3820028k free)

vm_info: OpenJDK 64-Bit Server VM (25.222-b10) for linux-amd64 JRE (1.8.0_222-8u222-b10-1ubuntu1~16.04.1-b10), built on Jul 18 2019 20:25:18 by "buildd" with gcc 5.4.0 20160609

time: Mon Sep 16 21:34:24 2019
timezone: BST
elapsed time: 11 seconds (0d 0h 0m 11s)

