#
# A fatal error has been detected by the Java Runtime Environment:
#
#  SIGSEGV (0xb) at pc=0x00007f34d59d9295, pid=14058, tid=0x00007f34d4a97700
#
# JRE version: OpenJDK Runtime Environment (8.0_222-b10) (build 1.8.0_222-8u222-b10-1ubuntu1~16.04.1-b10)
# Java VM: OpenJDK 64-Bit Server VM (25.222-b10 mixed mode linux-amd64 compressed oops)
# Problematic frame:
# C  [i965_dri.so+0x3fe295]
#
# Failed to write core dump. Core dumps have been disabled. To enable core dumping, try "ulimit -c unlimited" before starting Java again
#
# If you would like to submit a bug report, please visit:
#   http://bugreport.java.com/bugreport/crash.jsp
# The crash happened outside the Java Virtual Machine in native code.
# See problematic frame for where to report the bug.
#

---------------  T H R E A D  ---------------

Current thread (0x00007f350f0ba000):  JavaThread "main-FPSAWTAnimator#00-Timer0" [_thread_in_native, id=14096, stack(0x00007f34d4997000,0x00007f34d4a98000)]

siginfo: si_signo: 11 (SIGSEGV), si_code: 1 (SEGV_MAPERR), si_addr: 0x0000000000000074

Registers:
RAX=0x0000000000000000, RBX=0x00007f34e00cd3d0, RCX=0x00007f34d56a5e00, RDX=0x0000000000000004
RSP=0x00007f34d4a96010, RBP=0x0000000000000280, RSI=0x00000000d56a5e00, RDI=0x0000000000000000
R8 =0x0000000000000001, R9 =0x0000000000000000, R10=0x0000000000000000, R11=0x0000000000000000
R12=0x00007f34e00cf008, R13=0x00007f34e01c4fc0, R14=0x00000000000001e0, R15=0x00007f34e0093130
RIP=0x00007f34d59d9295, EFLAGS=0x0000000000010246, CSGSFS=0x002b000000000033, ERR=0x0000000000000004
  TRAPNO=0x000000000000000e

Top of Stack: (sp=0x00007f34d4a96010)
0x00007f34d4a96010:   00007f34d4a96130 0000000000000000
0x00007f34d4a96020:   00007f34e0045f01 00007f34e01896a0
0x00007f34d4a96030:   0000000000080100 00007f34000000c0
0x00007f34d4a96040:   0000000000000000 0000000000000000
0x00007f34d4a96050:   0000000000000000 0000000000000000
0x00007f34d4a96060:   0000000000000000 0000000000000000
0x00007f34d4a96070:   0000000000000000 0000000000000000
0x00007f34d4a96080:   0000000000000000 0000000000000000
0x00007f34d4a96090:   0000000300000000 00007f34d4a96110
0x00007f34d4a960a0:   00007f34daea6a30 00007f350f0ba000
0x00007f34d4a960b0:   0000000100000004 00007f3400000003
0x00007f34d4a960c0:   00007f34e01896a0 0000000300000000
0x00007f34d4a960d0:   00007f3500000008 00007f35147e4e7f
0x00007f34d4a960e0:   00007f3514a14891 0000000000000000
0x00007f34d4a960f0:   0000000000000000 0000000000000000
0x00007f34d4a96100:   0000000000000000 0000000000000000
0x00007f34d4a96110:   0000000000000000 0000000000000000
0x00007f34d4a96120:   00007f34e0025b40 00007f34e01c50d0
0x00007f34d4a96130:   00007f34d4a961a0 00007f34e0045f20
0x00007f34d4a96140:   0000000100000020 0000000000000000
0x00007f34d4a96150:   0000000b0000000b 0000000b0000000b
0x00007f34d4a96160:   000000000000000b 0000000000000000
0x00007f34d4a96170:   0000000000000000 0000000000000000
0x00007f34d4a96180:   01a2001401a20004 01a2003401a20024
0x00007f34d4a96190:   0000000000000000 0000000000000000
0x00007f34d4a961a0:   0000000200280000 00000000ffffffff
0x00007f34d4a961b0:   0000000000000000 0000000000000000
0x00007f34d4a961c0:   0000000000000000 0000000000000000
0x00007f34d4a961d0:   0000000000000000 4c277b0a59656900
0x00007f34d4a961e0:   0000000000000000 4c277b0a59656900
0x00007f34d4a961f0:   0000000000000000 0000000000000000
0x00007f34d4a96200:   00007f34e0093518 00007f34e00934f0 

Instructions: (pc=0x00007f34d59d9295)
0x00007f34d59d9275:   0f 94 c1 88 0c 17 48 83 c2 01 09 ce 39 d0 7f eb
0x00007f34d59d9285:   40 84 f6 b8 00 00 00 00 44 0f 45 c0 49 8b 7d 68
0x00007f34d59d9295:   8b 47 74 41 39 45 34 b8 00 00 00 00 44 0f 45 c0
0x00007f34d59d92a5:   80 bf 0c 02 00 00 00 0f 85 ee 01 00 00 45 31 c0 

Register to memory mapping:

RAX=0x0000000000000000 is an unknown value
RBX=0x00007f34e00cd3d0 is an unknown value
RCX=0x00007f34d56a5e00: <offset 0xcae00> in /usr/lib/x86_64-linux-gnu/dri/i965_dri.so at 0x00007f34d55db000
RDX=0x0000000000000004 is an unknown value
RSP=0x00007f34d4a96010 is pointing into the stack for thread: 0x00007f350f0ba000
RBP=0x0000000000000280 is an unknown value
RSI=0x00000000d56a5e00 is an unallocated location in the heap
RDI=0x0000000000000000 is an unknown value
R8 =0x0000000000000001 is an unknown value
R9 =0x0000000000000000 is an unknown value
R10=0x0000000000000000 is an unknown value
R11=0x0000000000000000 is an unknown value
R12=0x00007f34e00cf008 is an unknown value
R13=0x00007f34e01c4fc0 is an unknown value
R14=0x00000000000001e0 is an unknown value
R15=0x00007f34e0093130 is an unknown value


Stack: [0x00007f34d4997000,0x00007f34d4a98000],  sp=0x00007f34d4a96010,  free space=1020k
Native frames: (J=compiled Java code, j=interpreted, Vv=VM code, C=native code)
C  [i965_dri.so+0x3fe295]

Java frames: (J=compiled Java code, j=interpreted, Vv=VM code)
j  jogamp.opengl.gl4.GL4bcImpl.dispatch_glClear1(IJ)V+0
j  jogamp.opengl.gl4.GL4bcImpl.glClear(I)V+39
j  jogamp.opengl.GLDrawableHelper.setViewportAndClear(Lcom/jogamp/opengl/GLAutoDrawable;IIII)V+82
j  jogamp.opengl.GLDrawableHelper.init(Lcom/jogamp/opengl/GLAutoDrawable;Z)V+16
j  jogamp.opengl.GLAutoDrawableBase$1.run()V+26
j  jogamp.opengl.GLDrawableHelper.invokeGLImpl(Lcom/jogamp/opengl/GLDrawable;Lcom/jogamp/opengl/GLContext;Ljava/lang/Runnable;Ljava/lang/Runnable;)V+197
j  jogamp.opengl.GLDrawableHelper.invokeGL(Lcom/jogamp/opengl/GLDrawable;Lcom/jogamp/opengl/GLContext;Ljava/lang/Runnable;Ljava/lang/Runnable;)V+72
j  com.jogamp.newt.opengl.GLWindow.display()V+90
j  com.jogamp.opengl.util.AWTAnimatorImpl.display(Ljava/util/ArrayList;ZZ)V+68
j  com.jogamp.opengl.util.AnimatorBase.display()V+16
j  com.jogamp.opengl.util.FPSAnimator$MainTask.run()V+216
j  java.util.TimerThread.mainLoop()V+221
j  java.util.TimerThread.run()V+1
v  ~StubRoutines::call_stub

---------------  P R O C E S S  ---------------

Java Threads: ( => current thread )
  0x00007f350c00b000 JavaThread "DestroyJavaVM" [_thread_blocked, id=14063, stack(0x00007f3515bbc000,0x00007f3515cbd000)]
=>0x00007f350f0ba000 JavaThread "main-FPSAWTAnimator#00-Timer0" [_thread_in_native, id=14096, stack(0x00007f34d4997000,0x00007f34d4a98000)]
  0x00007f350f0c2800 JavaThread "Thread-2" [_thread_blocked, id=14095, stack(0x00007f34d4a98000,0x00007f34d4b99000)]
  0x00007f350c57a000 JavaThread "main-SharedResourceRunner" daemon [_thread_blocked, id=14094, stack(0x00007f34db3a3000,0x00007f34db4a4000)]
  0x00007f350c555800 JavaThread "main-SharedResourceRunner" daemon [_thread_blocked, id=14093, stack(0x00007f34dbcb0000,0x00007f34dbdb1000)]
  0x00007f350c46b000 JavaThread "main-Display-.x11_:0.0-1-EDT-1" daemon [_thread_blocked, id=14092, stack(0x00007f34da9da000,0x00007f34daadb000)]
  0x00007f350c331800 JavaThread "process reaper" daemon [_thread_blocked, id=14085, stack(0x00007f34df1dc000,0x00007f34df215000)]
  0x00007f350c2e0000 JavaThread "AWT-XAWT" daemon [_thread_in_native, id=14078, stack(0x00007f34df620000,0x00007f34df721000)]
  0x00007f350c2bd800 JavaThread "Java2D Disposer" daemon [_thread_blocked, id=14077, stack(0x00007f3510007000,0x00007f3510108000)]
  0x00007f350c0c6800 JavaThread "Service Thread" daemon [_thread_blocked, id=14070, stack(0x00007f3510be6000,0x00007f3510ce7000)]
  0x00007f350c0b1800 JavaThread "C1 CompilerThread1" daemon [_thread_blocked, id=14069, stack(0x00007f3510ce7000,0x00007f3510de8000)]
  0x00007f350c0af800 JavaThread "C2 CompilerThread0" daemon [_thread_blocked, id=14068, stack(0x00007f3510de8000,0x00007f3510ee9000)]
  0x00007f350c0ad800 JavaThread "Signal Dispatcher" daemon [_thread_blocked, id=14067, stack(0x00007f3510ee9000,0x00007f3510fea000)]
  0x00007f350c07b000 JavaThread "Finalizer" daemon [_thread_blocked, id=14066, stack(0x00007f35112c2000,0x00007f35113c3000)]
  0x00007f350c078800 JavaThread "Reference Handler" daemon [_thread_blocked, id=14065, stack(0x00007f35113c3000,0x00007f35114c4000)]

Other Threads:
  0x00007f350c06f000 VMThread [stack: 0x00007f35114c4000,0x00007f35115c5000] [id=14064]
  0x00007f350c0c9800 WatcherThread [stack: 0x00007f3510ae5000,0x00007f3510be6000] [id=14071]

VM state:not at safepoint (normal execution)

VM Mutex/Monitor currently owned by a thread: None

heap address: 0x00000000d2200000, size: 734 MB, Compressed Oops mode: 32-bit
Narrow klass base: 0x0000000000000000, Narrow klass shift: 3
Compressed class space size: 1073741824 Address: 0x0000000100000000

Heap:
 def new generation   total 14144K, used 9414K [0x00000000d2200000, 0x00000000d3150000, 0x00000000e16a0000)
  eden space 12608K,  62% used [0x00000000d2200000, 0x00000000d29b1a88, 0x00000000d2e50000)
  from space 1536K,  99% used [0x00000000d2e50000, 0x00000000d2fcfff0, 0x00000000d2fd0000)
  to   space 1536K,   0% used [0x00000000d2fd0000, 0x00000000d2fd0000, 0x00000000d3150000)
 tenured generation   total 31424K, used 2910K [0x00000000e16a0000, 0x00000000e3550000, 0x0000000100000000)
   the space 31424K,   9% used [0x00000000e16a0000, 0x00000000e19778f0, 0x00000000e1977a00, 0x00000000e3550000)
 Metaspace       used 15938K, capacity 16110K, committed 16384K, reserved 1064960K
  class space    used 1443K, capacity 1503K, committed 1536K, reserved 1048576K

Card table byte_map: [0x00007f3512100000,0x00007f3512270000] byte_map_base: 0x00007f3511a6f000

Polling page: 0x00007f3515ce4000

CodeCache: size=245760Kb used=3539Kb max_used=3539Kb free=242220Kb
 bounds [0x00007f34fd000000, 0x00007f34fd380000, 0x00007f350c000000]
 total_blobs=1773 nmethods=802 adapters=886
 compilation: enabled

Compilation events (10 events):
Event: 10.348 Thread 0x00007f350c0b1800  808       1       com.jogamp.nativewindow.Capabilities::isOnscreen (5 bytes)
Event: 10.348 Thread 0x00007f350c0b1800 nmethod 808 0x00007f34fd10de50 code [0x00007f34fd10dfa0, 0x00007f34fd10e0b0]
Event: 10.386 Thread 0x00007f350c0b1800  809   !   3       java.lang.ClassLoader::findNative (86 bytes)
Event: 10.387 Thread 0x00007f350c0b1800 nmethod 809 0x00007f34fd3716d0 code [0x00007f34fd371880, 0x00007f34fd372130]
Event: 10.417 Thread 0x00007f350c0b1800  810   !   3       jogamp.common.util.locks.RecursiveLockImpl01Unfairish::validateLocked (147 bytes)
Event: 10.429 Thread 0x00007f350c0b1800 nmethod 810 0x00007f34fd3724d0 code [0x00007f34fd372840, 0x00007f34fd374670]
Event: 10.462 Thread 0x00007f350c0b1800  811   !   3       jogamp.common.util.locks.RecursiveLockImpl01Unfairish::lock (124 bytes)
Event: 10.464 Thread 0x00007f350c0b1800 nmethod 811 0x00007f34fd3758d0 code [0x00007f34fd375bc0, 0x00007f34fd377180]
Event: 10.467 Thread 0x00007f350c0b1800  812       3       jogamp.common.util.locks.RecursiveLockImpl01Unfairish$SingleThreadSync::incrHoldCount (11 bytes)
Event: 10.467 Thread 0x00007f350c0b1800 nmethod 812 0x00007f34fd371390 code [0x00007f34fd3714e0, 0x00007f34fd371630]

GC Heap History (4 events):
Event: 8.369 GC heap before
{Heap before GC invocations=0 (full 0):
 def new generation   total 14144K, used 12608K [0x00000000d2200000, 0x00000000d3150000, 0x00000000e16a0000)
  eden space 12608K, 100% used [0x00000000d2200000, 0x00000000d2e50000, 0x00000000d2e50000)
  from space 1536K,   0% used [0x00000000d2e50000, 0x00000000d2e50000, 0x00000000d2fd0000)
  to   space 1536K,   0% used [0x00000000d2fd0000, 0x00000000d2fd0000, 0x00000000d3150000)
 tenured generation   total 31424K, used 0K [0x00000000e16a0000, 0x00000000e3550000, 0x0000000100000000)
   the space 31424K,   0% used [0x00000000e16a0000, 0x00000000e16a0000, 0x00000000e16a0200, 0x00000000e3550000)
 Metaspace       used 10747K, capacity 10888K, committed 11264K, reserved 1058816K
  class space    used 1105K, capacity 1153K, committed 1280K, reserved 1048576K
Event: 8.380 GC heap after
Heap after GC invocations=1 (full 0):
 def new generation   total 14144K, used 1535K [0x00000000d2200000, 0x00000000d3150000, 0x00000000e16a0000)
  eden space 12608K,   0% used [0x00000000d2200000, 0x00000000d2200000, 0x00000000d2e50000)
  from space 1536K,  99% used [0x00000000d2fd0000, 0x00000000d314fff8, 0x00000000d3150000)
  to   space 1536K,   0% used [0x00000000d2e50000, 0x00000000d2e50000, 0x00000000d2fd0000)
 tenured generation   total 31424K, used 1328K [0x00000000e16a0000, 0x00000000e3550000, 0x0000000100000000)
   the space 31424K,   4% used [0x00000000e16a0000, 0x00000000e17ec070, 0x00000000e17ec200, 0x00000000e3550000)
 Metaspace       used 10747K, capacity 10888K, committed 11264K, reserved 1058816K
  class space    used 1105K, capacity 1153K, committed 1280K, reserved 1048576K
}
Event: 9.740 GC heap before
{Heap before GC invocations=1 (full 0):
 def new generation   total 14144K, used 14143K [0x00000000d2200000, 0x00000000d3150000, 0x00000000e16a0000)
  eden space 12608K, 100% used [0x00000000d2200000, 0x00000000d2e50000, 0x00000000d2e50000)
  from space 1536K,  99% used [0x00000000d2fd0000, 0x00000000d314fff8, 0x00000000d3150000)
  to   space 1536K,   0% used [0x00000000d2e50000, 0x00000000d2e50000, 0x00000000d2fd0000)
 tenured generation   total 31424K, used 1328K [0x00000000e16a0000, 0x00000000e3550000, 0x0000000100000000)
   the space 31424K,   4% used [0x00000000e16a0000, 0x00000000e17ec070, 0x00000000e17ec200, 0x00000000e3550000)
 Metaspace       used 15054K, capacity 15278K, committed 15616K, reserved 1062912K
  class space    used 1350K, capacity 1439K, committed 1536K, reserved 1048576K
Event: 9.753 GC heap after
Heap after GC invocations=2 (full 0):
 def new generation   total 14144K, used 1535K [0x00000000d2200000, 0x00000000d3150000, 0x00000000e16a0000)
  eden space 12608K,   0% used [0x00000000d2200000, 0x00000000d2200000, 0x00000000d2e50000)
  from space 1536K,  99% used [0x00000000d2e50000, 0x00000000d2fcfff0, 0x00000000d2fd0000)
  to   space 1536K,   0% used [0x00000000d2fd0000, 0x00000000d2fd0000, 0x00000000d3150000)
 tenured generation   total 31424K, used 2910K [0x00000000e16a0000, 0x00000000e3550000, 0x0000000100000000)
   the space 31424K,   9% used [0x00000000e16a0000, 0x00000000e19778f0, 0x00000000e1977a00, 0x00000000e3550000)
 Metaspace       used 15054K, capacity 15278K, committed 15616K, reserved 1062912K
  class space    used 1350K, capacity 1439K, committed 1536K, reserved 1048576K
}

Deoptimization events (4 events):
Event: 7.941 Thread 0x00007f350c00b000 Uncommon trap: reason=unstable_if action=reinterpret pc=0x00007f34fd1d3970 method=java.lang.String.indexOf([CII[CIII)I @ 3
Event: 7.997 Thread 0x00007f350c00b000 Uncommon trap: reason=unstable_if action=reinterpret pc=0x00007f34fd1c53bc method=java.lang.String.replace(CC)Ljava/lang/String; @ 26
Event: 9.830 Thread 0x00007f350c57a000 Uncommon trap: reason=unstable_if action=reinterpret pc=0x00007f34fd1ef7e8 method=java.lang.String.startsWith(Ljava/lang/String;I)Z @ 25
Event: 10.234 Thread 0x00007f350c00b000 Uncommon trap: reason=unstable_if action=reinterpret pc=0x00007f34fd369f30 method=java.lang.reflect.AccessibleObject.setAccessible0(Ljava/lang/reflect/AccessibleObject;Z)V @ 4

Classes redefined (0 events):
No events

Internal exceptions (10 events):
Event: 0.517 Thread 0x00007f350c00b000 Exception <a 'java/security/PrivilegedActionException'> (0x00000000d234b6a8) thrown at [/build/openjdk-8-g3XteX/openjdk-8-8u222-b10/src/hotspot/src/share/vm/prims/jvm.cpp, line 1502]
Event: 0.520 Thread 0x00007f350c00b000 Exception <a 'java/security/PrivilegedActionException'> (0x00000000d234d730) thrown at [/build/openjdk-8-g3XteX/openjdk-8-8u222-b10/src/hotspot/src/share/vm/prims/jvm.cpp, line 1502]
Event: 0.520 Thread 0x00007f350c00b000 Exception <a 'java/security/PrivilegedActionException'> (0x00000000d234d940) thrown at [/build/openjdk-8-g3XteX/openjdk-8-8u222-b10/src/hotspot/src/share/vm/prims/jvm.cpp, line 1502]
Event: 0.520 Thread 0x00007f350c00b000 Exception <a 'java/security/PrivilegedActionException'> (0x00000000d234e418) thrown at [/build/openjdk-8-g3XteX/openjdk-8-8u222-b10/src/hotspot/src/share/vm/prims/jvm.cpp, line 1502]
Event: 0.520 Thread 0x00007f350c00b000 Exception <a 'java/security/PrivilegedActionException'> (0x00000000d234e628) thrown at [/build/openjdk-8-g3XteX/openjdk-8-8u222-b10/src/hotspot/src/share/vm/prims/jvm.cpp, line 1502]
Event: 0.724 Thread 0x00007f350c00b000 Exception <a 'java/lang/NoSuchFieldError': method resolution failed> (0x00000000d2429db8) thrown at [/build/openjdk-8-g3XteX/openjdk-8-8u222-b10/src/hotspot/src/share/vm/prims/methodHandles.cpp, line 1167]
Event: 0.734 Thread 0x00007f350c00b000 Exception <a 'java/lang/NoSuchFieldError': method resolution failed> (0x00000000d2437538) thrown at [/build/openjdk-8-g3XteX/openjdk-8-8u222-b10/src/hotspot/src/share/vm/prims/methodHandles.cpp, line 1167]
Event: 0.848 Thread 0x00007f350c00b000 Exception <a 'java/io/FileNotFoundException'> (0x00000000d24b6208) thrown at [/build/openjdk-8-g3XteX/openjdk-8-8u222-b10/src/hotspot/src/share/vm/prims/jni.cpp, line 710]
Event: 0.848 Thread 0x00007f350c00b000 Exception <a 'java/io/FileNotFoundException'> (0x00000000d24b6c10) thrown at [/build/openjdk-8-g3XteX/openjdk-8-8u222-b10/src/hotspot/src/share/vm/prims/jni.cpp, line 710]
Event: 0.895 Thread 0x00007f350c00b000 Exception <a 'java/lang/ClassNotFoundException': sun/dc/DuctusRenderingEngine> (0x00000000d24c2570) thrown at [/build/openjdk-8-g3XteX/openjdk-8-8u222-b10/src/hotspot/src/share/vm/classfile/systemDictionary.cpp, line 210]

Events (10 events):
Event: 10.392 loading class jogamp/newt/driver/x11/WindowDriver$5
Event: 10.392 loading class jogamp/newt/driver/x11/WindowDriver$5 done
Event: 10.424 loading class jogamp/newt/driver/x11/WindowDriver$3
Event: 10.424 loading class jogamp/newt/driver/x11/WindowDriver$3 done
Event: 10.438 loading class com/jogamp/nativewindow/OffscreenLayerSurface
Event: 10.438 loading class com/jogamp/nativewindow/OffscreenLayerSurface done
Event: 10.453 Executing VM operation: RevokeBias
Event: 10.454 Executing VM operation: RevokeBias done
Event: 10.454 Executing VM operation: RevokeBias
Event: 10.454 Executing VM operation: RevokeBias done


Dynamic libraries:
00400000-00401000 r-xp 00000000 08:01 3811865                            /usr/lib/jvm/java-8-openjdk-amd64/jre/bin/java
00600000-00601000 r--p 00000000 08:01 3811865                            /usr/lib/jvm/java-8-openjdk-amd64/jre/bin/java
00601000-00602000 rw-p 00001000 08:01 3811865                            /usr/lib/jvm/java-8-openjdk-amd64/jre/bin/java
01857000-01def000 rw-p 00000000 00:00 0                                  [heap]
d2200000-d3150000 rw-p 00000000 00:00 0 
d3150000-e16a0000 ---p 00000000 00:00 0 
e16a0000-e3550000 rw-p 00000000 00:00 0 
e3550000-100000000 ---p 00000000 00:00 0 
100000000-100180000 rw-p 00000000 00:00 0 
100180000-140000000 ---p 00000000 00:00 0 
7f34d4997000-7f34d499a000 ---p 00000000 00:00 0 
7f34d499a000-7f34d4a98000 rw-p 00000000 00:00 0 
7f34d4a98000-7f34d4a9b000 ---p 00000000 00:00 0 
7f34d4a9b000-7f34d4c19000 rw-p 00000000 00:00 0 
7f34d4c19000-7f34d4d99000 ---p 00000000 00:00 0 
7f34d4d99000-7f34d4da1000 r-xp 00000000 08:01 3679795                    /usr/lib/x86_64-linux-gnu/libpciaccess.so.0.11.1
7f34d4da1000-7f34d4fa1000 ---p 00008000 08:01 3679795                    /usr/lib/x86_64-linux-gnu/libpciaccess.so.0.11.1
7f34d4fa1000-7f34d4fa2000 r--p 00008000 08:01 3679795                    /usr/lib/x86_64-linux-gnu/libpciaccess.so.0.11.1
7f34d4fa2000-7f34d4fa3000 rw-p 00009000 08:01 3679795                    /usr/lib/x86_64-linux-gnu/libpciaccess.so.0.11.1
7f34d4fa3000-7f34d4fae000 r-xp 00000000 08:01 3675335                    /usr/lib/x86_64-linux-gnu/libdrm_radeon.so.1.0.1
7f34d4fae000-7f34d51ad000 ---p 0000b000 08:01 3675335                    /usr/lib/x86_64-linux-gnu/libdrm_radeon.so.1.0.1
7f34d51ad000-7f34d51ae000 r--p 0000a000 08:01 3675335                    /usr/lib/x86_64-linux-gnu/libdrm_radeon.so.1.0.1
7f34d51ae000-7f34d51af000 rw-p 0000b000 08:01 3675335                    /usr/lib/x86_64-linux-gnu/libdrm_radeon.so.1.0.1
7f34d51af000-7f34d51b6000 r-xp 00000000 08:01 3675331                    /usr/lib/x86_64-linux-gnu/libdrm_nouveau.so.2.0.0
7f34d51b6000-7f34d53b5000 ---p 00007000 08:01 3675331                    /usr/lib/x86_64-linux-gnu/libdrm_nouveau.so.2.0.0
7f34d53b5000-7f34d53b6000 r--p 00006000 08:01 3675331                    /usr/lib/x86_64-linux-gnu/libdrm_nouveau.so.2.0.0
7f34d53b6000-7f34d53b7000 rw-p 00007000 08:01 3675331                    /usr/lib/x86_64-linux-gnu/libdrm_nouveau.so.2.0.0
7f34d53b7000-7f34d53d9000 r-xp 00000000 08:01 3675323                    /usr/lib/x86_64-linux-gnu/libdrm_intel.so.1.0.0
7f34d53d9000-7f34d55d9000 ---p 00022000 08:01 3675323                    /usr/lib/x86_64-linux-gnu/libdrm_intel.so.1.0.0
7f34d55d9000-7f34d55da000 r--p 00022000 08:01 3675323                    /usr/lib/x86_64-linux-gnu/libdrm_intel.so.1.0.0
7f34d55da000-7f34d55db000 rw-p 00023000 08:01 3675323                    /usr/lib/x86_64-linux-gnu/libdrm_intel.so.1.0.0
7f34d55db000-7f34d5ebb000 r-xp 00000000 08:01 4063888                    /usr/lib/x86_64-linux-gnu/dri/i965_dri.so
7f34d5ebb000-7f34d60bb000 ---p 008e0000 08:01 4063888                    /usr/lib/x86_64-linux-gnu/dri/i965_dri.so
7f34d60bb000-7f34d610b000 r--p 008e0000 08:01 4063888                    /usr/lib/x86_64-linux-gnu/dri/i965_dri.so
7f34d610b000-7f34d6116000 rw-p 00930000 08:01 4063888                    /usr/lib/x86_64-linux-gnu/dri/i965_dri.so
7f34d6116000-7f34d61bb000 rw-p 00000000 00:00 0 
7f34d61bb000-7f34d6217000 r-xp 00000000 08:01 4345346                    /tmp/jogamp_0000/file_cache/jln3369479979165914623/jln7819128081908468113/natives/linux-amd64/libjogl_mobile.so
7f34d6217000-7f34d6417000 ---p 0005c000 08:01 4345346                    /tmp/jogamp_0000/file_cache/jln3369479979165914623/jln7819128081908468113/natives/linux-amd64/libjogl_mobile.so
7f34d6417000-7f34d6418000 rw-p 0005c000 08:01 4345346                    /tmp/jogamp_0000/file_cache/jln3369479979165914623/jln7819128081908468113/natives/linux-amd64/libjogl_mobile.so
7f34d6418000-7f34d643f000 r-xp 00000000 08:01 3675321                    /usr/lib/x86_64-linux-gnu/libkj-0.5.3.so
7f34d643f000-7f34d663f000 ---p 00027000 08:01 3675321                    /usr/lib/x86_64-linux-gnu/libkj-0.5.3.so
7f34d663f000-7f34d6640000 r--p 00027000 08:01 3675321                    /usr/lib/x86_64-linux-gnu/libkj-0.5.3.so
7f34d6640000-7f34d6641000 rw-p 00028000 08:01 3675321                    /usr/lib/x86_64-linux-gnu/libkj-0.5.3.so
7f34d6641000-7f34d6658000 r-xp 00000000 08:01 3678917                    /usr/lib/x86_64-linux-gnu/libboost_filesystem.so.1.58.0
7f34d6658000-7f34d6857000 ---p 00017000 08:01 3678917                    /usr/lib/x86_64-linux-gnu/libboost_filesystem.so.1.58.0
7f34d6857000-7f34d6858000 r--p 00016000 08:01 3678917                    /usr/lib/x86_64-linux-gnu/libboost_filesystem.so.1.58.0
7f34d6858000-7f34d6859000 rw-p 00017000 08:01 3678917                    /usr/lib/x86_64-linux-gnu/libboost_filesystem.so.1.58.0
7f34d6859000-7f34d6889000 r-xp 00000000 08:01 3679830                    /usr/lib/x86_64-linux-gnu/libprotobuf-lite.so.9.0.1
7f34d6889000-7f34d6a88000 ---p 00030000 08:01 3679830                    /usr/lib/x86_64-linux-gnu/libprotobuf-lite.so.9.0.1
7f34d6a88000-7f34d6a89000 r--p 0002f000 08:01 3679830                    /usr/lib/x86_64-linux-gnu/libprotobuf-lite.so.9.0.1
7f34d6a89000-7f34d6a8a000 rw-p 00030000 08:01 3679830                    /usr/lib/x86_64-linux-gnu/libprotobuf-lite.so.9.0.1
7f34d6a8a000-7f34d6a8d000 r-xp 00000000 08:01 3678919                    /usr/lib/x86_64-linux-gnu/libboost_system.so.1.58.0
7f34d6a8d000-7f34d6c8c000 ---p 00003000 08:01 3678919                    /usr/lib/x86_64-linux-gnu/libboost_system.so.1.58.0
7f34d6c8c000-7f34d6c8d000 r--p 00002000 08:01 3678919                    /usr/lib/x86_64-linux-gnu/libboost_system.so.1.58.0
7f34d6c8d000-7f34d6c8e000 rw-p 00003000 08:01 3678919                    /usr/lib/x86_64-linux-gnu/libboost_system.so.1.58.0
7f34d6c8e000-7f34d6c95000 r-xp 00000000 08:01 3679653                    /usr/lib/x86_64-linux-gnu/libmircore.so.1
7f34d6c95000-7f34d6e95000 ---p 00007000 08:01 3679653                    /usr/lib/x86_64-linux-gnu/libmircore.so.1
7f34d6e95000-7f34d6e96000 r--p 00007000 08:01 3679653                    /usr/lib/x86_64-linux-gnu/libmircore.so.1
7f34d6e96000-7f34d6e97000 rw-p 00008000 08:01 3679653                    /usr/lib/x86_64-linux-gnu/libmircore.so.1
7f34d6e97000-7f34d6f1c000 r-xp 00000000 08:01 3675320                    /usr/lib/x86_64-linux-gnu/libcapnp-0.5.3.so
7f34d6f1c000-7f34d711b000 ---p 00085000 08:01 3675320                    /usr/lib/x86_64-linux-gnu/libcapnp-0.5.3.so
7f34d711b000-7f34d711e000 r--p 00084000 08:01 3675320                    /usr/lib/x86_64-linux-gnu/libcapnp-0.5.3.so
7f34d711e000-7f34d711f000 rw-p 00087000 08:01 3675320                    /usr/lib/x86_64-linux-gnu/libcapnp-0.5.3.so
7f34d711f000-7f34d718e000 r-xp 00000000 08:01 3679654                    /usr/lib/x86_64-linux-gnu/libmirprotobuf.so.3
7f34d718e000-7f34d738d000 ---p 0006f000 08:01 3679654                    /usr/lib/x86_64-linux-gnu/libmirprotobuf.so.3
7f34d738d000-7f34d7390000 r--p 0006e000 08:01 3679654                    /usr/lib/x86_64-linux-gnu/libmirprotobuf.so.3
7f34d7390000-7f34d7391000 rw-p 00071000 08:01 3679654                    /usr/lib/x86_64-linux-gnu/libmirprotobuf.so.3
7f34d7391000-7f34d73d5000 r-xp 00000000 08:01 3679652                    /usr/lib/x86_64-linux-gnu/libmircommon.so.7
7f34d73d5000-7f34d75d5000 ---p 00044000 08:01 3679652                    /usr/lib/x86_64-linux-gnu/libmircommon.so.7
7f34d75d5000-7f34d75d7000 r--p 00044000 08:01 3679652                    /usr/lib/x86_64-linux-gnu/libmircommon.so.7
7f34d75d7000-7f34d75d8000 rw-p 00046000 08:01 3679652                    /usr/lib/x86_64-linux-gnu/libmircommon.so.7
7f34d75d8000-7f34d7615000 r-xp 00000000 08:01 3675393                    /usr/lib/x86_64-linux-gnu/libxkbcommon.so.0.0.0
7f34d7615000-7f34d7814000 ---p 0003d000 08:01 3675393                    /usr/lib/x86_64-linux-gnu/libxkbcommon.so.0.0.0
7f34d7814000-7f34d7816000 r--p 0003c000 08:01 3675393                    /usr/lib/x86_64-linux-gnu/libxkbcommon.so.0.0.0
7f34d7816000-7f34d7817000 rw-p 0003e000 08:01 3675393                    /usr/lib/x86_64-linux-gnu/libxkbcommon.so.0.0.0
7f34d7817000-7f34d781e000 r-xp 00000000 08:01 3679157                    /usr/lib/x86_64-linux-gnu/libffi.so.6.0.4
7f34d781e000-7f34d7a1d000 ---p 00007000 08:01 3679157                    /usr/lib/x86_64-linux-gnu/libffi.so.6.0.4
7f34d7a1d000-7f34d7a1e000 r--p 00006000 08:01 3679157                    /usr/lib/x86_64-linux-gnu/libffi.so.6.0.4
7f34d7a1e000-7f34d7a1f000 rw-p 00007000 08:01 3679157                    /usr/lib/x86_64-linux-gnu/libffi.so.6.0.4
7f34d7a1f000-7f34d7abf000 r-xp 00000000 08:01 3679651                    /usr/lib/x86_64-linux-gnu/libmirclient.so.9
7f34d7abf000-7f34d7cbe000 ---p 000a0000 08:01 3679651                    /usr/lib/x86_64-linux-gnu/libmirclient.so.9
7f34d7cbe000-7f34d7cc4000 r--p 0009f000 08:01 3679651                    /usr/lib/x86_64-linux-gnu/libmirclient.so.9
7f34d7cc4000-7f34d7cc6000 rw-p 000a5000 08:01 3679651                    /usr/lib/x86_64-linux-gnu/libmirclient.so.9
7f34d7cc6000-7f34d7cd6000 r-xp 00000000 08:01 3675354                    /usr/lib/x86_64-linux-gnu/libwayland-server.so.0.1.0
7f34d7cd6000-7f34d7ed5000 ---p 00010000 08:01 3675354                    /usr/lib/x86_64-linux-gnu/libwayland-server.so.0.1.0
7f34d7ed5000-7f34d7ed7000 r--p 0000f000 08:01 3675354                    /usr/lib/x86_64-linux-gnu/libwayland-server.so.0.1.0
7f34d7ed7000-7f34d7ed8000 rw-p 00011000 08:01 3675354                    /usr/lib/x86_64-linux-gnu/libwayland-server.so.0.1.0
7f34d7ed8000-7f34d7ee4000 r-xp 00000000 08:01 3672048                    /usr/lib/x86_64-linux-gnu/libgbm.so.1.0.0
7f34d7ee4000-7f34d80e4000 ---p 0000c000 08:01 3672048                    /usr/lib/x86_64-linux-gnu/libgbm.so.1.0.0
7f34d80e4000-7f34d80e5000 r--p 0000c000 08:01 3672048                    /usr/lib/x86_64-linux-gnu/libgbm.so.1.0.0
7f34d80e5000-7f34d80e6000 rw-p 0000d000 08:01 3672048                    /usr/lib/x86_64-linux-gnu/libgbm.so.1.0.0
7f34d80e6000-7f34d80f2000 r-xp 00000000 08:01 3675349                    /usr/lib/x86_64-linux-gnu/libwayland-client.so.0.3.0
7f34d80f2000-7f34d82f2000 ---p 0000c000 08:01 3675349                    /usr/lib/x86_64-linux-gnu/libwayland-client.so.0.3.0
7f34d82f2000-7f34d82f4000 r--p 0000c000 08:01 3675349                    /usr/lib/x86_64-linux-gnu/libwayland-client.so.0.3.0
7f34d82f4000-7f34d82f5000 rw-p 0000e000 08:01 3675349                    /usr/lib/x86_64-linux-gnu/libwayland-client.so.0.3.0
7f34d82f5000-7f34d82fb000 r-xp 00000000 08:01 3680214                    /usr/lib/x86_64-linux-gnu/libxcb-xfixes.so.0.0.0
7f34d82fb000-7f34d84fb000 ---p 00006000 08:01 3680214                    /usr/lib/x86_64-linux-gnu/libxcb-xfixes.so.0.0.0
7f34d84fb000-7f34d84fc000 r--p 00006000 08:01 3680214                    /usr/lib/x86_64-linux-gnu/libxcb-xfixes.so.0.0.0
7f34d84fc000-7f34d84fd000 rw-p 00007000 08:01 3680214                    /usr/lib/x86_64-linux-gnu/libxcb-xfixes.so.0.0.0
7f34d84fd000-7f34d8535000 r-xp 00000000 08:01 4063890                    /usr/lib/x86_64-linux-gnu/mesa-egl/libEGL.so.1.0.0
7f34d8535000-7f34d8734000 ---p 00038000 08:01 4063890                    /usr/lib/x86_64-linux-gnu/mesa-egl/libEGL.so.1.0.0
7f34d8734000-7f34d8736000 r--p 00037000 08:01 4063890                    /usr/lib/x86_64-linux-gnu/mesa-egl/libEGL.so.1.0.0
7f34d8736000-7f34d8737000 rw-p 00039000 08:01 4063890                    /usr/lib/x86_64-linux-gnu/mesa-egl/libEGL.so.1.0.0
7f34d8737000-7f34d873f000 r-xp 00000000 08:01 4064495                    /usr/lib/x86_64-linux-gnu/mesa-egl/libGLESv2.so.2.0.0
7f34d873f000-7f34d893e000 ---p 00008000 08:01 4064495                    /usr/lib/x86_64-linux-gnu/mesa-egl/libGLESv2.so.2.0.0
7f34d893e000-7f34d893f000 r--p 00007000 08:01 4064495                    /usr/lib/x86_64-linux-gnu/mesa-egl/libGLESv2.so.2.0.0
7f34d893f000-7f34d8940000 rw-p 00008000 08:01 4064495                    /usr/lib/x86_64-linux-gnu/mesa-egl/libGLESv2.so.2.0.0
7f34d8940000-7f34d89f8000 r-xp 00000000 08:01 4333648                    /tmp/jogamp_0000/file_cache/jln3369479979165914623/jln7819128081908468113/natives/linux-amd64/libjogl_desktop.so
7f34d89f8000-7f34d8bf8000 ---p 000b8000 08:01 4333648                    /tmp/jogamp_0000/file_cache/jln3369479979165914623/jln7819128081908468113/natives/linux-amd64/libjogl_desktop.so
7f34d8bf8000-7f34d8bf9000 rw-p 000b8000 08:01 4333648                    /tmp/jogamp_0000/file_cache/jln3369479979165914623/jln7819128081908468113/natives/linux-amd64/libjogl_desktop.so
7f34d8bf9000-7f34d8c09000 r-xp 00000000 08:01 3670074                    /usr/lib/x86_64-linux-gnu/libdrm.so.2.4.0
7f34d8c09000-7f34d8e09000 ---p 00010000 08:01 3670074                    /usr/lib/x86_64-linux-gnu/libdrm.so.2.4.0
7f34d8e09000-7f34d8e0a000 r--p 00010000 08:01 3670074                    /usr/lib/x86_64-linux-gnu/libdrm.so.2.4.0
7f34d8e0a000-7f34d8e0b000 rw-p 00011000 08:01 3670074                    /usr/lib/x86_64-linux-gnu/libdrm.so.2.4.0
7f34d8e0b000-7f34d8e0f000 r-xp 00000000 08:01 3680186                    /usr/lib/x86_64-linux-gnu/libxcb-dri2.so.0.0.0
7f34d8e0f000-7f34d900e000 ---p 00004000 08:01 3680186                    /usr/lib/x86_64-linux-gnu/libxcb-dri2.so.0.0.0
7f34d900e000-7f34d900f000 r--p 00003000 08:01 3680186                    /usr/lib/x86_64-linux-gnu/libxcb-dri2.so.0.0.0
7f34d900f000-7f34d9010000 rw-p 00004000 08:01 3680186                    /usr/lib/x86_64-linux-gnu/libxcb-dri2.so.0.0.0
7f34d9010000-7f34d9027000 r-xp 00000000 08:01 3680190                    /usr/lib/x86_64-linux-gnu/libxcb-glx.so.0.0.0
7f34d9027000-7f34d9226000 ---p 00017000 08:01 3680190                    /usr/lib/x86_64-linux-gnu/libxcb-glx.so.0.0.0
7f34d9226000-7f34d9228000 r--p 00016000 08:01 3680190                    /usr/lib/x86_64-linux-gnu/libxcb-glx.so.0.0.0
7f34d9228000-7f34d9229000 rw-p 00018000 08:01 3680190                    /usr/lib/x86_64-linux-gnu/libxcb-glx.so.0.0.0
7f34d9229000-7f34d922a000 r-xp 00000000 08:01 3671302                    /usr/lib/x86_64-linux-gnu/libX11-xcb.so.1.0.0
7f34d922a000-7f34d9429000 ---p 00001000 08:01 3671302                    /usr/lib/x86_64-linux-gnu/libX11-xcb.so.1.0.0
7f34d9429000-7f34d942a000 r--p 00000000 08:01 3671302                    /usr/lib/x86_64-linux-gnu/libX11-xcb.so.1.0.0
7f34d942a000-7f34d942b000 rw-p 00001000 08:01 3671302                    /usr/lib/x86_64-linux-gnu/libX11-xcb.so.1.0.0
7f34d942b000-7f34d942d000 r-xp 00000000 08:01 3678781                    /usr/lib/x86_64-linux-gnu/libXdamage.so.1.1.0
7f34d942d000-7f34d962c000 ---p 00002000 08:01 3678781                    /usr/lib/x86_64-linux-gnu/libXdamage.so.1.1.0
7f34d962c000-7f34d962d000 r--p 00001000 08:01 3678781                    /usr/lib/x86_64-linux-gnu/libXdamage.so.1.1.0
7f34d962d000-7f34d962e000 rw-p 00002000 08:01 3678781                    /usr/lib/x86_64-linux-gnu/libXdamage.so.1.1.0
7f34d962e000-7f34d965a000 r-xp 00000000 08:01 3670240                    /usr/lib/x86_64-linux-gnu/libglapi.so.0.0.0
7f34d965a000-7f34d9859000 ---p 0002c000 08:01 3670240                    /usr/lib/x86_64-linux-gnu/libglapi.so.0.0.0
7f34d9859000-7f34d985d000 r--p 0002b000 08:01 3670240                    /usr/lib/x86_64-linux-gnu/libglapi.so.0.0.0
7f34d985d000-7f34d985e000 rw-p 0002f000 08:01 3670240                    /usr/lib/x86_64-linux-gnu/libglapi.so.0.0.0
7f34d985e000-7f34d985f000 rw-p 00000000 00:00 0 
7f34d985f000-7f34d9860000 r-xp 00000000 08:01 3680257                    /usr/lib/x86_64-linux-gnu/libxshmfence.so.1.0.0
7f34d9860000-7f34d9a60000 ---p 00001000 08:01 3680257                    /usr/lib/x86_64-linux-gnu/libxshmfence.so.1.0.0
7f34d9a60000-7f34d9a61000 r--p 00001000 08:01 3680257                    /usr/lib/x86_64-linux-gnu/libxshmfence.so.1.0.0
7f34d9a61000-7f34d9a62000 rw-p 00002000 08:01 3680257                    /usr/lib/x86_64-linux-gnu/libxshmfence.so.1.0.0
7f34d9a62000-7f34d9a67000 r-xp 00000000 08:01 3680210                    /usr/lib/x86_64-linux-gnu/libxcb-sync.so.1.0.0
7f34d9a67000-7f34d9c67000 ---p 00005000 08:01 3680210                    /usr/lib/x86_64-linux-gnu/libxcb-sync.so.1.0.0
7f34d9c67000-7f34d9c68000 r--p 00005000 08:01 3680210                    /usr/lib/x86_64-linux-gnu/libxcb-sync.so.1.0.0
7f34d9c68000-7f34d9c69000 rw-p 00006000 08:01 3680210                    /usr/lib/x86_64-linux-gnu/libxcb-sync.so.1.0.0
7f34d9c69000-7f34d9c6b000 r-xp 00000000 08:01 3680198                    /usr/lib/x86_64-linux-gnu/libxcb-present.so.0.0.0
7f34d9c6b000-7f34d9e6a000 ---p 00002000 08:01 3680198                    /usr/lib/x86_64-linux-gnu/libxcb-present.so.0.0.0
7f34d9e6a000-7f34d9e6b000 r--p 00001000 08:01 3680198                    /usr/lib/x86_64-linux-gnu/libxcb-present.so.0.0.0
7f34d9e6b000-7f34d9e6c000 rw-p 00002000 08:01 3680198                    /usr/lib/x86_64-linux-gnu/libxcb-present.so.0.0.0
7f34d9e6c000-7f34d9e6e000 r-xp 00000000 08:01 3680188                    /usr/lib/x86_64-linux-gnu/libxcb-dri3.so.0.0.0
7f34d9e6e000-7f34da06d000 ---p 00002000 08:01 3680188                    /usr/lib/x86_64-linux-gnu/libxcb-dri3.so.0.0.0
7f34da06d000-7f34da06e000 r--p 00001000 08:01 3680188                    /usr/lib/x86_64-linux-gnu/libxcb-dri3.so.0.0.0
7f34da06e000-7f34da06f000 rw-p 00002000 08:01 3680188                    /usr/lib/x86_64-linux-gnu/libxcb-dri3.so.0.0.0
7f34da06f000-7f34da095000 r-xp 00000000 08:01 2494902                    /lib/x86_64-linux-gnu/libexpat.so.1.6.0
7f34da095000-7f34da295000 ---p 00026000 08:01 2494902                    /lib/x86_64-linux-gnu/libexpat.so.1.6.0
7f34da295000-7f34da297000 r--p 00026000 08:01 2494902                    /lib/x86_64-linux-gnu/libexpat.so.1.6.0
7f34da297000-7f34da298000 rw-p 00028000 08:01 2494902                    /lib/x86_64-linux-gnu/libexpat.so.1.6.0
7f34da298000-7f34da308000 r-xp 00000000 08:01 4064497                    /usr/lib/x86_64-linux-gnu/mesa/libGL.so.1.2.0
7f34da308000-7f34da507000 ---p 00070000 08:01 4064497                    /usr/lib/x86_64-linux-gnu/mesa/libGL.so.1.2.0
7f34da507000-7f34da50a000 r--p 0006f000 08:01 4064497                    /usr/lib/x86_64-linux-gnu/mesa/libGL.so.1.2.0
7f34da50a000-7f34da50b000 rw-p 00072000 08:01 4064497                    /usr/lib/x86_64-linux-gnu/mesa/libGL.so.1.2.0
7f34da50b000-7f34da70c000 rw-p 00000000 00:00 0 
7f34da7d7000-7f34da7d9000 r-xp 00000000 08:01 3678795                    /usr/lib/x86_64-linux-gnu/libXinerama.so.1.0.0
7f34da7d9000-7f34da9d8000 ---p 00002000 08:01 3678795                    /usr/lib/x86_64-linux-gnu/libXinerama.so.1.0.0
7f34da9d8000-7f34da9d9000 r--p 00001000 08:01 3678795                    /usr/lib/x86_64-linux-gnu/libXinerama.so.1.0.0
7f34da9d9000-7f34da9da000 rw-p 00002000 08:01 3678795                    /usr/lib/x86_64-linux-gnu/libXinerama.so.1.0.0
7f34da9da000-7f34da9dd000 ---p 00000000 00:00 0 
7f34da9dd000-7f34daf8b000 rw-p 00000000 00:00 0 
7f34daf8b000-7f34daf9c000 r-xp 00000000 08:01 4345359                    /tmp/jogamp_0000/file_cache/jln3369479979165914623/jln7819128081908468113/natives/linux-amd64/libnewt.so
7f34daf9c000-7f34db19b000 ---p 00011000 08:01 4345359                    /tmp/jogamp_0000/file_cache/jln3369479979165914623/jln7819128081908468113/natives/linux-amd64/libnewt.so
7f34db19b000-7f34db19c000 rw-p 00010000 08:01 4345359                    /tmp/jogamp_0000/file_cache/jln3369479979165914623/jln7819128081908468113/natives/linux-amd64/libnewt.so
7f34db19c000-7f34db1a3000 r-xp 00000000 08:01 4345357                    /tmp/jogamp_0000/file_cache/jln3369479979165914623/jln7819128081908468113/natives/linux-amd64/libnativewindow_x11.so
7f34db1a3000-7f34db3a2000 ---p 00007000 08:01 4345357                    /tmp/jogamp_0000/file_cache/jln3369479979165914623/jln7819128081908468113/natives/linux-amd64/libnativewindow_x11.so
7f34db3a2000-7f34db3a3000 rw-p 00006000 08:01 4345357                    /tmp/jogamp_0000/file_cache/jln3369479979165914623/jln7819128081908468113/natives/linux-amd64/libnativewindow_x11.so
7f34db3a3000-7f34db3a6000 ---p 00000000 00:00 0 
7f34db3a6000-7f34db4a4000 rw-p 00000000 00:00 0 
7f34db4a4000-7f34db4a9000 r-xp 00000000 08:01 3678821                    /usr/lib/x86_64-linux-gnu/libXxf86vm.so.1.0.0
7f34db4a9000-7f34db6a8000 ---p 00005000 08:01 3678821                    /usr/lib/x86_64-linux-gnu/libXxf86vm.so.1.0.0
7f34db6a8000-7f34db6a9000 r--p 00004000 08:01 3678821                    /usr/lib/x86_64-linux-gnu/libXxf86vm.so.1.0.0
7f34db6a9000-7f34db6aa000 rw-p 00005000 08:01 3678821                    /usr/lib/x86_64-linux-gnu/libXxf86vm.so.1.0.0
7f34db6aa000-7f34db6ac000 r-xp 00000000 08:01 4345351                    /tmp/jogamp_0000/file_cache/jln3369479979165914623/jln7819128081908468113/natives/linux-amd64/libnativewindow_awt.so
7f34db6ac000-7f34db8ab000 ---p 00002000 08:01 4345351                    /tmp/jogamp_0000/file_cache/jln3369479979165914623/jln7819128081908468113/natives/linux-amd64/libnativewindow_awt.so
7f34db8ab000-7f34db8ac000 rw-p 00001000 08:01 4345351                    /tmp/jogamp_0000/file_cache/jln3369479979165914623/jln7819128081908468113/natives/linux-amd64/libnativewindow_awt.so
7f34db8ac000-7f34db8ad000 r-xp 00000000 08:01 3818377                    /usr/lib/jvm/java-8-openjdk-amd64/jre/lib/amd64/libjawt.so
7f34db8ad000-7f34dbaac000 ---p 00001000 08:01 3818377                    /usr/lib/jvm/java-8-openjdk-amd64/jre/lib/amd64/libjawt.so
7f34dbaac000-7f34dbaad000 r--p 00000000 08:01 3818377                    /usr/lib/jvm/java-8-openjdk-amd64/jre/lib/amd64/libjawt.so
7f34dbaad000-7f34dbaae000 rw-p 00001000 08:01 3818377                    /usr/lib/jvm/java-8-openjdk-amd64/jre/lib/amd64/libjawt.so
7f34dbaae000-7f34dbab0000 r-xp 00000000 08:01 4333629                    /tmp/jogamp_0000/file_cache/jln3369479979165914623/jln7819128081908468113/natives/linux-amd64/libgluegen-rt.so
7f34dbab0000-7f34dbcaf000 ---p 00002000 08:01 4333629                    /tmp/jogamp_0000/file_cache/jln3369479979165914623/jln7819128081908468113/natives/linux-amd64/libgluegen-rt.so
7f34dbcaf000-7f34dbcb0000 rw-p 00001000 08:01 4333629                    /tmp/jogamp_0000/file_cache/jln3369479979165914623/jln7819128081908468113/natives/linux-amd64/libgluegen-rt.so
7f34dbcb0000-7f34dbcb3000 ---p 00000000 00:00 0 
7f34dbcb3000-7f34dbdb1000 rw-p 00000000 00:00 0 
7f34dbdb1000-7f34dbdc2000 r-xp 00000000 08:01 3818391                    /usr/lib/jvm/java-8-openjdk-amd64/jre/lib/amd64/libnio.so
7f34dbdc2000-7f34dbfc1000 ---p 00011000 08:01 3818391                    /usr/lib/jvm/java-8-openjdk-amd64/jre/lib/amd64/libnio.so
7f34dbfc1000-7f34dbfc2000 r--p 00010000 08:01 3818391                    /usr/lib/jvm/java-8-openjdk-amd64/jre/lib/amd64/libnio.so
7f34dbfc2000-7f34dbfc3000 rw-p 00011000 08:01 3818391                    /usr/lib/jvm/java-8-openjdk-amd64/jre/lib/amd64/libnio.so
7f34dbfc3000-7f34defc4000 rw-p 00000000 00:00 0 
7f34defc4000-7f34defda000 r-xp 00000000 08:01 3818374                    /usr/lib/jvm/java-8-openjdk-amd64/jre/lib/amd64/libnet.so
7f34defda000-7f34df1da000 ---p 00016000 08:01 3818374                    /usr/lib/jvm/java-8-openjdk-amd64/jre/lib/amd64/libnet.so
7f34df1da000-7f34df1db000 r--p 00016000 08:01 3818374                    /usr/lib/jvm/java-8-openjdk-amd64/jre/lib/amd64/libnet.so
7f34df1db000-7f34df1dc000 rw-p 00017000 08:01 3818374                    /usr/lib/jvm/java-8-openjdk-amd64/jre/lib/amd64/libnet.so
7f34df1dc000-7f34df1df000 ---p 00000000 00:00 0 
7f34df1df000-7f34df415000 rw-p 00000000 00:00 0 
7f34df415000-7f34df41f000 r-xp 00000000 08:01 3678803                    /usr/lib/x86_64-linux-gnu/libXrandr.so.2.2.0
7f34df41f000-7f34df61e000 ---p 0000a000 08:01 3678803                    /usr/lib/x86_64-linux-gnu/libXrandr.so.2.2.0
7f34df61e000-7f34df61f000 r--p 00009000 08:01 3678803                    /usr/lib/x86_64-linux-gnu/libXrandr.so.2.2.0
7f34df61f000-7f34df620000 rw-p 0000a000 08:01 3678803                    /usr/lib/x86_64-linux-gnu/libXrandr.so.2.2.0
7f34df620000-7f34df623000 ---p 00000000 00:00 0 
7f34df623000-7f34df721000 rw-p 00000000 00:00 0 
7f34df721000-7f34df726000 r-xp 00000000 08:01 3678787                    /usr/lib/x86_64-linux-gnu/libXfixes.so.3.1.0
7f34df726000-7f34df925000 ---p 00005000 08:01 3678787                    /usr/lib/x86_64-linux-gnu/libXfixes.so.3.1.0
7f34df925000-7f34df926000 r--p 00004000 08:01 3678787                    /usr/lib/x86_64-linux-gnu/libXfixes.so.3.1.0
7f34df926000-7f34df927000 rw-p 00005000 08:01 3678787                    /usr/lib/x86_64-linux-gnu/libXfixes.so.3.1.0
7f34df927000-7f34df930000 r-xp 00000000 08:01 3675356                    /usr/lib/x86_64-linux-gnu/libXcursor.so.1.0.2
7f34df930000-7f34dfb2f000 ---p 00009000 08:01 3675356                    /usr/lib/x86_64-linux-gnu/libXcursor.so.1.0.2
7f34dfb2f000-7f34dfb30000 r--p 00008000 08:01 3675356                    /usr/lib/x86_64-linux-gnu/libXcursor.so.1.0.2
7f34dfb30000-7f34dfb31000 rw-p 00009000 08:01 3675356                    /usr/lib/x86_64-linux-gnu/libXcursor.so.1.0.2
7f34dfb31000-7f34dfb55000 r-xp 00000000 08:01 2494987                    /lib/x86_64-linux-gnu/libpng12.so.0.54.0
7f34dfb55000-7f34dfd54000 ---p 00024000 08:01 2494987                    /lib/x86_64-linux-gnu/libpng12.so.0.54.0
7f34dfd54000-7f34dfd55000 r--p 00023000 08:01 2494987                    /lib/x86_64-linux-gnu/libpng12.so.0.54.0
7f34dfd55000-7f34dfd56000 rw-p 00024000 08:01 2494987                    /lib/x86_64-linux-gnu/libpng12.so.0.54.0
7f34dfd56000-7f34dfdfa000 r-xp 00000000 08:01 3675070                    /usr/lib/x86_64-linux-gnu/libfreetype.so.6.12.1
7f34dfdfa000-7f34dfff9000 ---p 000a4000 08:01 3675070                    /usr/lib/x86_64-linux-gnu/libfreetype.so.6.12.1
7f34dfff9000-7f34dffff000 r--p 000a3000 08:01 3675070                    /usr/lib/x86_64-linux-gnu/libfreetype.so.6.12.1
7f34dffff000-7f34e0000000 rw-p 000a9000 08:01 3675070                    /usr/lib/x86_64-linux-gnu/libfreetype.so.6.12.1
7f34e0000000-7f34e1744000 rw-p 00000000 00:00 0 
7f34e1744000-7f34e4000000 ---p 00000000 00:00 0 
7f34e4000000-7f34e4021000 rw-p 00000000 00:00 0 
7f34e4021000-7f34e8000000 ---p 00000000 00:00 0 
7f34e8000000-7f34e8021000 rw-p 00000000 00:00 0 
7f34e8021000-7f34ec000000 ---p 00000000 00:00 0 
7f34ec000000-7f34ec101000 rw-p 00000000 00:00 0 
7f34ec101000-7f34f0000000 ---p 00000000 00:00 0 
7f34f0000000-7f34f0021000 rw-p 00000000 00:00 0 
7f34f0021000-7f34f4000000 ---p 00000000 00:00 0 
7f34f4000000-7f34f4021000 rw-p 00000000 00:00 0 
7f34f4021000-7f34f8000000 ---p 00000000 00:00 0 
7f34f8000000-7f34f81d8000 rw-p 00000000 00:00 0 
7f34f81d8000-7f34fc000000 ---p 00000000 00:00 0 
7f34fc01c000-7f34fc020000 rw-s 00000000 00:18 276                        /i915 (deleted)
7f34fc020000-7f34fc024000 rw-s 00000000 00:18 254                        /i915 (deleted)
7f34fc024000-7f34fc028000 rw-s 00000000 00:18 262                        /i915 (deleted)
7f34fc028000-7f34fc02c000 rw-s 00000000 00:18 237                        /i915 (deleted)
7f34fc02c000-7f34fc030000 rw-s 00000000 00:18 203                        /i915 (deleted)
7f34fc030000-7f34fc081000 r-xp 00000000 08:01 3818370                    /usr/lib/jvm/java-8-openjdk-amd64/jre/lib/amd64/libfontmanager.so
7f34fc081000-7f34fc281000 ---p 00051000 08:01 3818370                    /usr/lib/jvm/java-8-openjdk-amd64/jre/lib/amd64/libfontmanager.so
7f34fc281000-7f34fc283000 r--p 00051000 08:01 3818370                    /usr/lib/jvm/java-8-openjdk-amd64/jre/lib/amd64/libfontmanager.so
7f34fc283000-7f34fc284000 rw-p 00053000 08:01 3818370                    /usr/lib/jvm/java-8-openjdk-amd64/jre/lib/amd64/libfontmanager.so
7f34fc284000-7f34fc289000 r-xp 00000000 08:01 3678783                    /usr/lib/x86_64-linux-gnu/libXdmcp.so.6.0.0
7f34fc289000-7f34fc488000 ---p 00005000 08:01 3678783                    /usr/lib/x86_64-linux-gnu/libXdmcp.so.6.0.0
7f34fc488000-7f34fc489000 r--p 00004000 08:01 3678783                    /usr/lib/x86_64-linux-gnu/libXdmcp.so.6.0.0
7f34fc489000-7f34fc48a000 rw-p 00005000 08:01 3678783                    /usr/lib/x86_64-linux-gnu/libXdmcp.so.6.0.0
7f34fc48a000-7f34fc48c000 r-xp 00000000 08:01 3678772                    /usr/lib/x86_64-linux-gnu/libXau.so.6.0.0
7f34fc48c000-7f34fc68c000 ---p 00002000 08:01 3678772                    /usr/lib/x86_64-linux-gnu/libXau.so.6.0.0
7f34fc68c000-7f34fc68d000 r--p 00002000 08:01 3678772                    /usr/lib/x86_64-linux-gnu/libXau.so.6.0.0
7f34fc68d000-7f34fc68e000 rw-p 00003000 08:01 3678772                    /usr/lib/x86_64-linux-gnu/libXau.so.6.0.0
7f34fc68e000-7f34fc6af000 r-xp 00000000 08:01 3680218                    /usr/lib/x86_64-linux-gnu/libxcb.so.1.1.0
7f34fc6af000-7f34fc8ae000 ---p 00021000 08:01 3680218                    /usr/lib/x86_64-linux-gnu/libxcb.so.1.1.0
7f34fc8ae000-7f34fc8af000 r--p 00020000 08:01 3680218                    /usr/lib/x86_64-linux-gnu/libxcb.so.1.1.0
7f34fc8af000-7f34fc8b0000 rw-p 00021000 08:01 3680218                    /usr/lib/x86_64-linux-gnu/libxcb.so.1.1.0
7f34fc8b0000-7f34fc8bf000 r-xp 00000000 08:01 3678793                    /usr/lib/x86_64-linux-gnu/libXi.so.6.1.0
7f34fc8bf000-7f34fcabe000 ---p 0000f000 08:01 3678793                    /usr/lib/x86_64-linux-gnu/libXi.so.6.1.0
7f34fcabe000-7f34fcabf000 r--p 0000e000 08:01 3678793                    /usr/lib/x86_64-linux-gnu/libXi.so.6.1.0
7f34fcabf000-7f34fcac0000 rw-p 0000f000 08:01 3678793                    /usr/lib/x86_64-linux-gnu/libXi.so.6.1.0
7f34fcac0000-7f34fcac5000 r-xp 00000000 08:01 3678811                    /usr/lib/x86_64-linux-gnu/libXtst.so.6.1.0
7f34fcac5000-7f34fccc4000 ---p 00005000 08:01 3678811                    /usr/lib/x86_64-linux-gnu/libXtst.so.6.1.0
7f34fccc4000-7f34fccc5000 r--p 00004000 08:01 3678811                    /usr/lib/x86_64-linux-gnu/libXtst.so.6.1.0
7f34fccc5000-7f34fccc6000 rw-p 00005000 08:01 3678811                    /usr/lib/x86_64-linux-gnu/libXtst.so.6.1.0
7f34fccc6000-7f34fcdfb000 r-xp 00000000 08:01 3671025                    /usr/lib/x86_64-linux-gnu/libX11.so.6.3.0
7f34fcdfb000-7f34fcffb000 ---p 00135000 08:01 3671025                    /usr/lib/x86_64-linux-gnu/libX11.so.6.3.0
7f34fcffb000-7f34fcffc000 r--p 00135000 08:01 3671025                    /usr/lib/x86_64-linux-gnu/libX11.so.6.3.0
7f34fcffc000-7f34fd000000 rw-p 00136000 08:01 3671025                    /usr/lib/x86_64-linux-gnu/libX11.so.6.3.0
7f34fd000000-7f34fd380000 rwxp 00000000 00:00 0 
7f34fd380000-7f350c000000 ---p 00000000 00:00 0 
7f350c000000-7f350f4d4000 rw-p 00000000 00:00 0 
7f350f4d4000-7f3510000000 ---p 00000000 00:00 0 
7f3510003000-7f3510007000 rw-s 00000000 00:18 177                        /i915 (deleted)
7f3510007000-7f351000a000 ---p 00000000 00:00 0 
7f351000a000-7f3510108000 rw-p 00000000 00:00 0 
7f3510108000-7f3510111000 r-xp 00000000 08:01 3678805                    /usr/lib/x86_64-linux-gnu/libXrender.so.1.3.0
7f3510111000-7f3510310000 ---p 00009000 08:01 3678805                    /usr/lib/x86_64-linux-gnu/libXrender.so.1.3.0
7f3510310000-7f3510311000 r--p 00008000 08:01 3678805                    /usr/lib/x86_64-linux-gnu/libXrender.so.1.3.0
7f3510311000-7f3510312000 rw-p 00009000 08:01 3678805                    /usr/lib/x86_64-linux-gnu/libXrender.so.1.3.0
7f3510312000-7f3510323000 r-xp 00000000 08:01 3678785                    /usr/lib/x86_64-linux-gnu/libXext.so.6.4.0
7f3510323000-7f3510522000 ---p 00011000 08:01 3678785                    /usr/lib/x86_64-linux-gnu/libXext.so.6.4.0
7f3510522000-7f3510523000 r--p 00010000 08:01 3678785                    /usr/lib/x86_64-linux-gnu/libXext.so.6.4.0
7f3510523000-7f3510524000 rw-p 00011000 08:01 3678785                    /usr/lib/x86_64-linux-gnu/libXext.so.6.4.0
7f3510526000-7f351052a000 rw-s 00000000 00:18 210                        /i915 (deleted)
7f351052a000-7f351052b000 rwxp 00000000 00:00 0 
7f351052b000-7f351052f000 rw-s 00000000 00:18 196                        /i915 (deleted)
7f351052f000-7f3510530000 r--p 00000000 00:00 0 
7f3510530000-7f3510535000 r--s 000a3000 08:01 3818407                    /usr/lib/jvm/java-8-openjdk-amd64/jre/lib/jsse.jar
7f3510535000-7f3510548000 r--s 00346000 08:01 3818408                    /usr/lib/jvm/java-8-openjdk-amd64/jre/lib/resources.jar
7f3510548000-7f35105a4000 r-xp 00000000 08:01 3818384                    /usr/lib/jvm/java-8-openjdk-amd64/jre/lib/amd64/libawt_xawt.so
7f35105a4000-7f35107a3000 ---p 0005c000 08:01 3818384                    /usr/lib/jvm/java-8-openjdk-amd64/jre/lib/amd64/libawt_xawt.so
7f35107a3000-7f35107a4000 r--p 0005b000 08:01 3818384                    /usr/lib/jvm/java-8-openjdk-amd64/jre/lib/amd64/libawt_xawt.so
7f35107a4000-7f35107a7000 rw-p 0005c000 08:01 3818384                    /usr/lib/jvm/java-8-openjdk-amd64/jre/lib/amd64/libawt_xawt.so
7f35107a7000-7f35107a9000 rw-p 00000000 00:00 0 
7f35107a9000-7f3510848000 r-xp 00000000 08:01 3818385                    /usr/lib/jvm/java-8-openjdk-amd64/jre/lib/amd64/libawt.so
7f3510848000-7f3510a48000 ---p 0009f000 08:01 3818385                    /usr/lib/jvm/java-8-openjdk-amd64/jre/lib/amd64/libawt.so
7f3510a48000-7f3510a49000 r--p 0009f000 08:01 3818385                    /usr/lib/jvm/java-8-openjdk-amd64/jre/lib/amd64/libawt.so
7f3510a49000-7f3510a54000 rw-p 000a0000 08:01 3818385                    /usr/lib/jvm/java-8-openjdk-amd64/jre/lib/amd64/libawt.so
7f3510a54000-7f3510a79000 rw-p 00000000 00:00 0 
7f3510a79000-7f3510a9d000 r--s 0031b000 08:10 253409                     /media/sage/JamsFiles/Programs/Active/ElecSim/lib64/jogl-all.jar
7f3510a9d000-7f3510aa3000 r--s 0004f000 08:10 253405                     /media/sage/JamsFiles/Programs/Active/ElecSim/lib64/gluegen-rt.jar
7f3510aa3000-7f3510aa8000 r--s 002f9000 08:01 3818405                    /usr/lib/jvm/java-8-openjdk-amd64/jre/lib/charsets.jar
7f3510aa8000-7f3510aaf000 r--s 000ff000 08:10 253404                     /media/sage/JamsFiles/Programs/Active/ElecSim/lib64/core.jar
7f3510aaf000-7f3510aca000 r--s 00394000 08:01 3818184                    /usr/lib/jvm/java-8-openjdk-amd64/jre/lib/ext/cldrdata.jar
7f3510aca000-7f3510ae5000 r--s 001d6000 08:01 3818181                    /usr/lib/jvm/java-8-openjdk-amd64/jre/lib/ext/nashorn.jar
7f3510ae5000-7f3510ae6000 ---p 00000000 00:00 0 
7f3510ae6000-7f3510be6000 rw-p 00000000 00:00 0 
7f3510be6000-7f3510be9000 ---p 00000000 00:00 0 
7f3510be9000-7f3510ce7000 rw-p 00000000 00:00 0 
7f3510ce7000-7f3510cea000 ---p 00000000 00:00 0 
7f3510cea000-7f3510de8000 rw-p 00000000 00:00 0 
7f3510de8000-7f3510deb000 ---p 00000000 00:00 0 
7f3510deb000-7f3510ee9000 rw-p 00000000 00:00 0 
7f3510ee9000-7f3510eec000 ---p 00000000 00:00 0 
7f3510eec000-7f3510fea000 rw-p 00000000 00:00 0 
7f3510fea000-7f35112c2000 r--p 00000000 08:01 3671082                    /usr/lib/locale/locale-archive
7f35112c2000-7f35112c5000 ---p 00000000 00:00 0 
7f35112c5000-7f35113c3000 rw-p 00000000 00:00 0 
7f35113c3000-7f35113c6000 ---p 00000000 00:00 0 
7f35113c6000-7f35114c4000 rw-p 00000000 00:00 0 
7f35114c4000-7f35114c5000 ---p 00000000 00:00 0 
7f35114c5000-7f35115c5000 rw-p 00000000 00:00 0 
7f35115c5000-7f3511795000 r--s 03c5c000 08:01 3811895                    /usr/lib/jvm/java-8-openjdk-amd64/jre/lib/rt.jar
7f3511795000-7f351201b000 rw-p 00000000 00:00 0 
7f351201b000-7f3512100000 ---p 00000000 00:00 0 
7f3512100000-7f3512108000 rw-p 00000000 00:00 0 
7f3512108000-7f351217a000 ---p 00000000 00:00 0 
7f351217a000-7f351218a000 rw-p 00000000 00:00 0 
7f351218a000-7f351226f000 ---p 00000000 00:00 0 
7f351226f000-7f351227e000 rw-p 00000000 00:00 0 
7f351227e000-7f3512630000 ---p 00000000 00:00 0 
7f3512630000-7f3512638000 r-xp 00000000 08:01 3818388                    /usr/lib/jvm/java-8-openjdk-amd64/jre/lib/amd64/libzip.so
7f3512638000-7f3512837000 ---p 00008000 08:01 3818388                    /usr/lib/jvm/java-8-openjdk-amd64/jre/lib/amd64/libzip.so
7f3512837000-7f3512838000 r--p 00007000 08:01 3818388                    /usr/lib/jvm/java-8-openjdk-amd64/jre/lib/amd64/libzip.so
7f3512838000-7f3512839000 rw-p 00008000 08:01 3818388                    /usr/lib/jvm/java-8-openjdk-amd64/jre/lib/amd64/libzip.so
7f3512839000-7f3512844000 r-xp 00000000 08:01 2495128                    /lib/x86_64-linux-gnu/libnss_files-2.23.so
7f3512844000-7f3512a43000 ---p 0000b000 08:01 2495128                    /lib/x86_64-linux-gnu/libnss_files-2.23.so
7f3512a43000-7f3512a44000 r--p 0000a000 08:01 2495128                    /lib/x86_64-linux-gnu/libnss_files-2.23.so
7f3512a44000-7f3512a45000 rw-p 0000b000 08:01 2495128                    /lib/x86_64-linux-gnu/libnss_files-2.23.so
7f3512a45000-7f3512a4b000 rw-p 00000000 00:00 0 
7f3512a4b000-7f3512a56000 r-xp 00000000 08:01 2495062                    /lib/x86_64-linux-gnu/libnss_nis-2.23.so
7f3512a56000-7f3512c55000 ---p 0000b000 08:01 2495062                    /lib/x86_64-linux-gnu/libnss_nis-2.23.so
7f3512c55000-7f3512c56000 r--p 0000a000 08:01 2495062                    /lib/x86_64-linux-gnu/libnss_nis-2.23.so
7f3512c56000-7f3512c57000 rw-p 0000b000 08:01 2495062                    /lib/x86_64-linux-gnu/libnss_nis-2.23.so
7f3512c57000-7f3512c6d000 r-xp 00000000 08:01 2495105                    /lib/x86_64-linux-gnu/libnsl-2.23.so
7f3512c6d000-7f3512e6c000 ---p 00016000 08:01 2495105                    /lib/x86_64-linux-gnu/libnsl-2.23.so
7f3512e6c000-7f3512e6d000 r--p 00015000 08:01 2495105                    /lib/x86_64-linux-gnu/libnsl-2.23.so
7f3512e6d000-7f3512e6e000 rw-p 00016000 08:01 2495105                    /lib/x86_64-linux-gnu/libnsl-2.23.so
7f3512e6e000-7f3512e70000 rw-p 00000000 00:00 0 
7f3512e70000-7f3512e78000 r-xp 00000000 08:01 2495151                    /lib/x86_64-linux-gnu/libnss_compat-2.23.so
7f3512e78000-7f3513077000 ---p 00008000 08:01 2495151                    /lib/x86_64-linux-gnu/libnss_compat-2.23.so
7f3513077000-7f3513078000 r--p 00007000 08:01 2495151                    /lib/x86_64-linux-gnu/libnss_compat-2.23.so
7f3513078000-7f3513079000 rw-p 00008000 08:01 2495151                    /lib/x86_64-linux-gnu/libnss_compat-2.23.so
7f3513079000-7f35130a2000 r-xp 00000000 08:01 3818373                    /usr/lib/jvm/java-8-openjdk-amd64/jre/lib/amd64/libjava.so
7f35130a2000-7f35132a1000 ---p 00029000 08:01 3818373                    /usr/lib/jvm/java-8-openjdk-amd64/jre/lib/amd64/libjava.so
7f35132a1000-7f35132a2000 r--p 00028000 08:01 3818373                    /usr/lib/jvm/java-8-openjdk-amd64/jre/lib/amd64/libjava.so
7f35132a2000-7f35132a4000 rw-p 00029000 08:01 3818373                    /usr/lib/jvm/java-8-openjdk-amd64/jre/lib/amd64/libjava.so
7f35132a4000-7f35132b3000 r-xp 00000000 08:01 3818390                    /usr/lib/jvm/java-8-openjdk-amd64/jre/lib/amd64/libverify.so
7f35132b3000-7f35134b2000 ---p 0000f000 08:01 3818390                    /usr/lib/jvm/java-8-openjdk-amd64/jre/lib/amd64/libverify.so
7f35134b2000-7f35134b4000 r--p 0000e000 08:01 3818390                    /usr/lib/jvm/java-8-openjdk-amd64/jre/lib/amd64/libverify.so
7f35134b4000-7f35134b5000 rw-p 00010000 08:01 3818390                    /usr/lib/jvm/java-8-openjdk-amd64/jre/lib/amd64/libverify.so
7f35134b5000-7f35134bc000 r-xp 00000000 08:01 2495017                    /lib/x86_64-linux-gnu/librt-2.23.so
7f35134bc000-7f35136bb000 ---p 00007000 08:01 2495017                    /lib/x86_64-linux-gnu/librt-2.23.so
7f35136bb000-7f35136bc000 r--p 00006000 08:01 2495017                    /lib/x86_64-linux-gnu/librt-2.23.so
7f35136bc000-7f35136bd000 rw-p 00007000 08:01 2495017                    /lib/x86_64-linux-gnu/librt-2.23.so
7f35136bd000-7f35136d3000 r-xp 00000000 08:01 2495073                    /lib/x86_64-linux-gnu/libgcc_s.so.1
7f35136d3000-7f35138d2000 ---p 00016000 08:01 2495073                    /lib/x86_64-linux-gnu/libgcc_s.so.1
7f35138d2000-7f35138d3000 rw-p 00015000 08:01 2495073                    /lib/x86_64-linux-gnu/libgcc_s.so.1
7f35138d3000-7f35139db000 r-xp 00000000 08:01 2495176                    /lib/x86_64-linux-gnu/libm-2.23.so
7f35139db000-7f3513bda000 ---p 00108000 08:01 2495176                    /lib/x86_64-linux-gnu/libm-2.23.so
7f3513bda000-7f3513bdb000 r--p 00107000 08:01 2495176                    /lib/x86_64-linux-gnu/libm-2.23.so
7f3513bdb000-7f3513bdc000 rw-p 00108000 08:01 2495176                    /lib/x86_64-linux-gnu/libm-2.23.so
7f3513bdc000-7f3513d4e000 r-xp 00000000 08:01 3670533                    /usr/lib/x86_64-linux-gnu/libstdc++.so.6.0.21
7f3513d4e000-7f3513f4e000 ---p 00172000 08:01 3670533                    /usr/lib/x86_64-linux-gnu/libstdc++.so.6.0.21
7f3513f4e000-7f3513f58000 r--p 00172000 08:01 3670533                    /usr/lib/x86_64-linux-gnu/libstdc++.so.6.0.21
7f3513f58000-7f3513f5a000 rw-p 0017c000 08:01 3670533                    /usr/lib/x86_64-linux-gnu/libstdc++.so.6.0.21
7f3513f5a000-7f3513f5e000 rw-p 00000000 00:00 0 
7f3513f5e000-7f3514bc2000 r-xp 00000000 08:01 3818400                    /usr/lib/jvm/java-8-openjdk-amd64/jre/lib/amd64/server/libjvm.so
7f3514bc2000-7f3514dc1000 ---p 00c64000 08:01 3818400                    /usr/lib/jvm/java-8-openjdk-amd64/jre/lib/amd64/server/libjvm.so
7f3514dc1000-7f3514e55000 r--p 00c63000 08:01 3818400                    /usr/lib/jvm/java-8-openjdk-amd64/jre/lib/amd64/server/libjvm.so
7f3514e55000-7f3514e7e000 rw-p 00cf7000 08:01 3818400                    /usr/lib/jvm/java-8-openjdk-amd64/jre/lib/amd64/server/libjvm.so
7f3514e7e000-7f3514eae000 rw-p 00000000 00:00 0 
7f3514eae000-7f3514ec6000 r-xp 00000000 08:01 2495045                    /lib/x86_64-linux-gnu/libpthread-2.23.so
7f3514ec6000-7f35150c5000 ---p 00018000 08:01 2495045                    /lib/x86_64-linux-gnu/libpthread-2.23.so
7f35150c5000-7f35150c6000 r--p 00017000 08:01 2495045                    /lib/x86_64-linux-gnu/libpthread-2.23.so
7f35150c6000-7f35150c7000 rw-p 00018000 08:01 2495045                    /lib/x86_64-linux-gnu/libpthread-2.23.so
7f35150c7000-7f35150cb000 rw-p 00000000 00:00 0 
7f35150cb000-7f35150ce000 r-xp 00000000 08:01 2495027                    /lib/x86_64-linux-gnu/libdl-2.23.so
7f35150ce000-7f35152cd000 ---p 00003000 08:01 2495027                    /lib/x86_64-linux-gnu/libdl-2.23.so
7f35152cd000-7f35152ce000 r--p 00002000 08:01 2495027                    /lib/x86_64-linux-gnu/libdl-2.23.so
7f35152ce000-7f35152cf000 rw-p 00003000 08:01 2495027                    /lib/x86_64-linux-gnu/libdl-2.23.so
7f35152cf000-7f35152e8000 r-xp 00000000 08:01 2495226                    /lib/x86_64-linux-gnu/libz.so.1.2.8
7f35152e8000-7f35154e7000 ---p 00019000 08:01 2495226                    /lib/x86_64-linux-gnu/libz.so.1.2.8
7f35154e7000-7f35154e8000 r--p 00018000 08:01 2495226                    /lib/x86_64-linux-gnu/libz.so.1.2.8
7f35154e8000-7f35154e9000 rw-p 00019000 08:01 2495226                    /lib/x86_64-linux-gnu/libz.so.1.2.8
7f35154e9000-7f35156a9000 r-xp 00000000 08:01 2495144                    /lib/x86_64-linux-gnu/libc-2.23.so
7f35156a9000-7f35158a9000 ---p 001c0000 08:01 2495144                    /lib/x86_64-linux-gnu/libc-2.23.so
7f35158a9000-7f35158ad000 r--p 001c0000 08:01 2495144                    /lib/x86_64-linux-gnu/libc-2.23.so
7f35158ad000-7f35158af000 rw-p 001c4000 08:01 2495144                    /lib/x86_64-linux-gnu/libc-2.23.so
7f35158af000-7f35158b3000 rw-p 00000000 00:00 0 
7f35158b3000-7f35158c0000 r-xp 00000000 08:01 3818382                    /usr/lib/jvm/java-8-openjdk-amd64/jre/lib/amd64/jli/libjli.so
7f35158c0000-7f3515abf000 ---p 0000d000 08:01 3818382                    /usr/lib/jvm/java-8-openjdk-amd64/jre/lib/amd64/jli/libjli.so
7f3515abf000-7f3515ac0000 r--p 0000c000 08:01 3818382                    /usr/lib/jvm/java-8-openjdk-amd64/jre/lib/amd64/jli/libjli.so
7f3515ac0000-7f3515ac1000 rw-p 0000d000 08:01 3818382                    /usr/lib/jvm/java-8-openjdk-amd64/jre/lib/amd64/jli/libjli.so
7f3515ac1000-7f3515ae7000 r-xp 00000000 08:01 2495035                    /lib/x86_64-linux-gnu/ld-2.23.so
7f3515ae7000-7f3515ae8000 r--p 00000000 08:01 4592509                    /usr/share/locale-langpack/en_GB/LC_MESSAGES/libc.mo
7f3515ae8000-7f3515ae9000 r--s 00036000 08:10 253410                     /media/sage/JamsFiles/Programs/Active/ElecSim/lib64/jogl-all-natives-linux-amd64.jar
7f3515ae9000-7f3515aeb000 r--s 00000000 08:10 253406                     /media/sage/JamsFiles/Programs/Active/ElecSim/lib64/gluegen-rt-natives-linux-amd64.jar
7f3515aeb000-7f3515bbc000 rw-p 00000000 00:00 0 
7f3515bbc000-7f3515bbf000 ---p 00000000 00:00 0 
7f3515bbf000-7f3515cc1000 rw-p 00000000 00:00 0 
7f3515cc1000-7f3515cc2000 r--s 00010000 08:01 3818345                    /usr/lib/jvm/java-8-openjdk-amd64/jre/lib/ext/zipfs.jar
7f3515cc2000-7f3515ccc000 r--s 00116000 08:01 3818347                    /usr/lib/jvm/java-8-openjdk-amd64/jre/lib/ext/localedata.jar
7f3515ccc000-7f3515ccd000 r--s 0000d000 08:01 3818179                    /usr/lib/jvm/java-8-openjdk-amd64/jre/lib/ext/sunec.jar
7f3515ccd000-7f3515cd2000 r--s 0003c000 08:01 3818187                    /usr/lib/jvm/java-8-openjdk-amd64/jre/lib/ext/sunjce_provider.jar
7f3515cd2000-7f3515cd5000 r--s 0000f000 08:01 3818180                    /usr/lib/jvm/java-8-openjdk-amd64/jre/lib/ext/icedtea-sound.jar
7f3515cd5000-7f3515cd7000 r--s 00001000 08:01 3818185                    /usr/lib/jvm/java-8-openjdk-amd64/jre/lib/ext/dnsns.jar
7f3515cd7000-7f3515cda000 r--s 00039000 08:01 3818183                    /usr/lib/jvm/java-8-openjdk-amd64/jre/lib/ext/sunpkcs11.jar
7f3515cda000-7f3515cdb000 r--s 0000a000 08:01 3818182                    /usr/lib/jvm/java-8-openjdk-amd64/jre/lib/ext/jaccess.jar
7f3515cdb000-7f3515ce3000 rw-s 00000000 08:01 4094994                    /tmp/hsperfdata_sage/14058
7f3515ce3000-7f3515ce4000 rw-p 00000000 00:00 0 
7f3515ce4000-7f3515ce5000 r--p 00000000 00:00 0 
7f3515ce5000-7f3515ce6000 rw-p 00000000 00:00 0 
7f3515ce6000-7f3515ce7000 r--p 00025000 08:01 2495035                    /lib/x86_64-linux-gnu/ld-2.23.so
7f3515ce7000-7f3515ce8000 rw-p 00026000 08:01 2495035                    /lib/x86_64-linux-gnu/ld-2.23.so
7f3515ce8000-7f3515ce9000 rw-p 00000000 00:00 0 
7ffce4071000-7ffce4092000 rw-p 00000000 00:00 0                          [stack]
7ffce40e4000-7ffce40e7000 r--p 00000000 00:00 0                          [vvar]
7ffce40e7000-7ffce40e9000 r-xp 00000000 00:00 0                          [vdso]
ffffffffff600000-ffffffffff601000 r-xp 00000000 00:00 0                  [vsyscall]

VM Arguments:
jvm_args: -Dfile.encoding=UTF-8 
java_command: com.cospox.elecsim.Main
java_class_path (initial): /media/sage/JamsFiles/Programs/Active/ElecSim/bin:/media/sage/JamsFiles/Programs/Active/ElecSim/lib64/core.jar:/media/sage/JamsFiles/Programs/Active/ElecSim/lib64/gluegen-rt-natives-linux-amd64.jar:/media/sage/JamsFiles/Programs/Active/ElecSim/lib64/gluegen-rt.jar:/media/sage/JamsFiles/Programs/Active/ElecSim/lib64/jogl-all-natives-linux-amd64.jar:/media/sage/JamsFiles/Programs/Active/ElecSim/lib64/jogl-all.jar
Launcher Type: SUN_STANDARD

Environment Variables:
PATH=/home/sage/bin:/home/sage/.local/bin:/usr/local/sbin:/usr/local/bin:/usr/sbin:/usr/bin:/sbin:/bin:/usr/games:/usr/local/games:/snap/bin
SHELL=/bin/bash
DISPLAY=:0.0

Signal Handlers:
SIGSEGV: [libjvm.so+0xa783e0], sa_mask[0]=11111111011111111101111111111110, sa_flags=SA_RESTART|SA_SIGINFO
SIGBUS: [libjvm.so+0xa783e0], sa_mask[0]=11111111011111111101111111111110, sa_flags=SA_RESTART|SA_SIGINFO
SIGFPE: [libjvm.so+0x8c0e10], sa_mask[0]=11111111011111111101111111111110, sa_flags=SA_RESTART|SA_SIGINFO
SIGPIPE: [libjvm.so+0x8c0e10], sa_mask[0]=11111111011111111101111111111110, sa_flags=SA_RESTART|SA_SIGINFO
SIGXFSZ: [libjvm.so+0x8c0e10], sa_mask[0]=11111111011111111101111111111110, sa_flags=SA_RESTART|SA_SIGINFO
SIGILL: [libjvm.so+0x8c0e10], sa_mask[0]=11111111011111111101111111111110, sa_flags=SA_RESTART|SA_SIGINFO
SIGUSR1: SIG_DFL, sa_mask[0]=00000000000000000000000000000000, sa_flags=none
SIGUSR2: [libjvm.so+0x8c0cc0], sa_mask[0]=00100000000000000000000000000000, sa_flags=SA_RESTART|SA_SIGINFO
SIGHUP: [libjvm.so+0x8c1350], sa_mask[0]=11111111011111111101111111111110, sa_flags=SA_RESTART|SA_SIGINFO
SIGINT: [libjvm.so+0x8c1350], sa_mask[0]=11111111011111111101111111111110, sa_flags=SA_RESTART|SA_SIGINFO
SIGTERM: [libjvm.so+0x8c1350], sa_mask[0]=11111111011111111101111111111110, sa_flags=SA_RESTART|SA_SIGINFO
SIGQUIT: [libjvm.so+0x8c1350], sa_mask[0]=11111111011111111101111111111110, sa_flags=SA_RESTART|SA_SIGINFO


---------------  S Y S T E M  ---------------

OS:DISTRIB_ID=LinuxMint
DISTRIB_RELEASE=18.3
DISTRIB_CODENAME=sylvia
DISTRIB_DESCRIPTION="Linux Mint 18.3 Sylvia"

uname:Linux 4.15.0-60-generic #67~16.04.1-Ubuntu SMP Mon Aug 26 08:57:33 UTC 2019 x86_64
libc:glibc 2.23 NPTL 2.23 
rlimit: STACK 8192k, CORE 0k, NPROC 11485, NOFILE 1048576, AS infinity
load average:5.56 2.55 1.95

/proc/meminfo:
MemTotal:        3003244 kB
MemFree:          110848 kB
MemAvailable:     851592 kB
Buffers:          103220 kB
Cached:          1107252 kB
SwapCached:       117092 kB
Active:          1504720 kB
Inactive:        1204048 kB
Active(anon):    1124968 kB
Inactive(anon):   731620 kB
Active(file):     379752 kB
Inactive(file):   472428 kB
Unevictable:          80 kB
Mlocked:              80 kB
SwapTotal:       4094972 kB
SwapFree:        3816700 kB
Dirty:              1504 kB
Writeback:             0 kB
AnonPages:       1468412 kB
Mapped:           402328 kB
Shmem:            358244 kB
Slab:              82392 kB
SReclaimable:      47544 kB
SUnreclaim:        34848 kB
KernelStack:        7600 kB
PageTables:        38836 kB
NFS_Unstable:          0 kB
Bounce:                0 kB
WritebackTmp:          0 kB
CommitLimit:     5596592 kB
Committed_AS:    5334304 kB
VmallocTotal:   34359738367 kB
VmallocUsed:           0 kB
VmallocChunk:          0 kB
HardwareCorrupted:     0 kB
AnonHugePages:         0 kB
ShmemHugePages:        0 kB
ShmemPmdMapped:        0 kB
CmaTotal:              0 kB
CmaFree:               0 kB
HugePages_Total:       0
HugePages_Free:        0
HugePages_Rsvd:        0
HugePages_Surp:        0
Hugepagesize:       2048 kB
DirectMap4k:      402748 kB
DirectMap2M:     2672640 kB

container (cgroup) information:
container_type: cgroupv1
cpu_cpuset_cpus: 0
cpu_memory_nodes: 0
active_processor_count: 1
cpu_quota: -1
cpu_period: 100000
cpu_shares: -1
memory_limit_in_bytes: -1
memory_and_swap_limit_in_bytes: -2
memory_soft_limit_in_bytes: -1
memory_usage_in_bytes: 2745643008
memory_max_usage_in_bytes: 0


CPU:total 1 (initial active 1) (1 cores per cpu, 1 threads per core) family 6 model 23 stepping 10, cmov, cx8, fxsr, mmx, sse, sse2, sse3, ssse3, tsc

/proc/cpuinfo:
processor	: 0
vendor_id	: GenuineIntel
cpu family	: 6
model		: 23
model name	: Intel(R) Celeron(R) CPU          900  @ 2.20GHz
stepping	: 10
microcode	: 0xa0b
cpu MHz		: 2194.520
cache size	: 1024 KB
physical id	: 0
siblings	: 1
core id		: 0
cpu cores	: 1
apicid		: 0
initial apicid	: 0
fpu		: yes
fpu_exception	: yes
cpuid level	: 13
wp		: yes
flags		: fpu vme de pse tsc msr pae mce cx8 apic sep mtrr pge mca cmov pat pse36 clflush dts acpi mmx fxsr sse sse2 ss tm pbe syscall nx lm constant_tsc arch_perfmon pebs bts rep_good nopl cpuid aperfmperf pni dtes64 monitor ds_cpl tm2 ssse3 cx16 xtpr pdcm xsave lahf_lm pti dtherm
bugs		: cpu_meltdown spectre_v1 spectre_v2 spec_store_bypass l1tf mds swapgs
bogomips	: 4389.04
clflush size	: 64
cache_alignment	: 64
address sizes	: 36 bits physical, 48 bits virtual
power management:



Memory: 4k page, physical 3003244k(110848k free), swap 4094972k(3816700k free)

vm_info: OpenJDK 64-Bit Server VM (25.222-b10) for linux-amd64 JRE (1.8.0_222-8u222-b10-1ubuntu1~16.04.1-b10), built on Jul 18 2019 20:25:18 by "buildd" with gcc 5.4.0 20160609

time: Mon Sep 16 21:35:09 2019
timezone: BST
elapsed time: 10 seconds (0d 0h 0m 10s)

