#
# A fatal error has been detected by the Java Runtime Environment:
#
#  SIGSEGV (0xb) at pc=0x00007f7bcb212c6f, pid=5555, tid=0x00007f7bc2302700
#
# JRE version: OpenJDK Runtime Environment (8.0_222-b10) (build 1.8.0_222-8u222-b10-1ubuntu1~16.04.1-b10)
# Java VM: OpenJDK 64-Bit Server VM (25.222-b10 mixed mode linux-amd64 compressed oops)
# Problematic frame:
# C  [libnvidia-glcore.so.384.130+0x10cec6f]
#
# Failed to write core dump. Core dumps have been disabled. To enable core dumping, try "ulimit -c unlimited" before starting Java again
#
# If you would like to submit a bug report, please visit:
#   http://bugreport.java.com/bugreport/crash.jsp
# The crash happened outside the Java Virtual Machine in native code.
# See problematic frame for where to report the bug.
#

---------------  T H R E A D  ---------------

Current thread (0x00007f7bd438b000):  JavaThread "main-FPSAWTAnimator#00-Timer0-FPSAWTAnimator#00-Timer1" [_thread_in_native, id=5598, stack(0x00007f7bc2202000,0x00007f7bc2303000)]

siginfo: si_signo: 11 (SIGSEGV), si_code: 1 (SEGV_MAPERR), si_addr: 0x0000000040935078

Registers:
RAX=0x0000000040935000, RBX=0x00007f7bb813b1e0, RCX=0x00007f7bb81ad018, RDX=0x0000000000000001
RSP=0x00007f7bc2301390, RBP=0x00007f7bb813b1e0, RSI=0x000000001ffffffc, RDI=0x00007f7bd4001ac8
R8 =0x00007f7bb8000528, R9 =0x00007f7bd0028200, R10=0x0000000000000001, R11=0x00007f7bd866eae0
R12=0x00007f7bb817bff0, R13=0x00007f7bd8644bc0, R14=0x00007f7bb813b1e0, R15=0x00007f7bd8644bc0
RIP=0x00007f7bcb212c6f, EFLAGS=0x0000000000010206, CSGSFS=0x002b000000000033, ERR=0x0000000000000004
  TRAPNO=0x000000000000000e

Top of Stack: (sp=0x00007f7bc2301390)
0x00007f7bc2301390:   0000000004e00002 000000014a7a6184
0x00007f7bc23013a0:   00007f7bb813b1e0 0000000000000001
0x00007f7bc23013b0:   0000000000000000 00007f7bd866ec99
0x00007f7bc23013c0:   0000000000000000 0000000000000001
0x00007f7bc23013d0:   00007f7bb813b1e0 0000000000000000
0x00007f7bc23013e0:   00007f7bd8644bc0 0000000000000001
0x00007f7bc23013f0:   0000000004e00002 00007f7bcb21305f
0x00007f7bc2301400:   0000000000000020 00007f7bc2301500
0x00007f7bc2301410:   00007f7bc2301420 00007f7bc2301430
0x00007f7bc2301420:   0000000000000000 0000000000000000
0x00007f7bc2301430:   00007f7bd4001ac8 0000000000000000
0x00007f7bc2301440:   00007f7bcbfd8b20 00007f7bd0028200
0x00007f7bc2301450:   0000000084adfc01 00007f7bc2302700
0x00007f7bc2301460:   00007f7bb82d5101 00007f7bc2302700
0x00007f7bc2301470:   0000000000000001 00000000000015b3
0x00007f7bc2301480:   00007f7bd4001ac8 00000000000015b3
0x00007f7bc2301490:   00007f7bd4001ac8 00007f7bcb23afa0
0x00007f7bc23014a0:   0000000084adfc78 00007f7bd0028230
0x00007f7bc23014b0:   0000000004e00002 00007f7bd861369e
0x00007f7bc23014c0:   00007f7b84adfc01 00007f7bc2302700
0x00007f7bc23014d0:   00007f7bd8644bc0 00007f7bd4001ac8
0x00007f7bc23014e0:   0000000000000000 00007f7bd88f2dc0
0x00007f7bc23014f0:   00007f7bd0028230 00007f7bd8642643
0x00007f7bc2301500:   0000000100000000 0000000004e00002
0x00007f7bc2301510:   00007f7bd4001ac8 00007f7bd0028230
0x00007f7bc2301520:   0000000000000000 00007f7bd0034a10
0x00007f7bc2301530:   0000000000000001 00007f7bb81ca6e0
0x00007f7bc2301540:   0000000000000000 00007f7bb81ca6b0
0x00007f7bc2301550:   0000000000000000 0000000000000000
0x00007f7bc2301560:   00007f7bd4348708 00007f7bb81ca6b0
0x00007f7bc2301570:   00007f7bd4001ac8 00007f7bd866f8a1
0x00007f7bc2301580:   0100000004e00002 0000000000000000 

Instructions: (pc=0x00007f7bcb212c6f)
0x00007f7bcb212c4f:   ff 0f 84 4b 01 00 00 41 ff d7 48 85 c0 0f 84 2e
0x00007f7bcb212c5f:   01 00 00 48 8b 40 40 48 85 c0 0f 84 21 01 00 00
0x00007f7bcb212c6f:   48 8b 40 78 48 85 c0 0f 84 14 01 00 00 48 89 c5
0x00007f7bcb212c7f:   eb 1f 49 8b 14 24 89 c8 48 89 2c c2 8d 41 01 41 

Register to memory mapping:

RAX=0x0000000040935000 is an unknown value
RBX=0x00007f7bb813b1e0 is an unknown value
RCX=0x00007f7bb81ad018 is an unknown value
RDX=0x0000000000000001 is an unknown value
RSP=0x00007f7bc2301390 is pointing into the stack for thread: 0x00007f7bd438b000
RBP=0x00007f7bb813b1e0 is an unknown value
RSI=0x000000001ffffffc is an unknown value
RDI=0x00007f7bd4001ac8 is an unknown value
R8 =0x00007f7bb8000528 is an unknown value
R9 =0x00007f7bd0028200 is an unknown value
R10=0x0000000000000001 is an unknown value
R11=0x00007f7bd866eae0: <offset 0xb5ae0> in /usr/lib/nvidia-384/libGL.so.1 at 0x00007f7bd85b9000
R12=0x00007f7bb817bff0 is an unknown value
R13=0x00007f7bd8644bc0: <offset 0x8bbc0> in /usr/lib/nvidia-384/libGL.so.1 at 0x00007f7bd85b9000
R14=0x00007f7bb813b1e0 is an unknown value
R15=0x00007f7bd8644bc0: <offset 0x8bbc0> in /usr/lib/nvidia-384/libGL.so.1 at 0x00007f7bd85b9000


Stack: [0x00007f7bc2202000,0x00007f7bc2303000],  sp=0x00007f7bc2301390,  free space=1020k
Native frames: (J=compiled Java code, j=interpreted, Vv=VM code, C=native code)
C  [libnvidia-glcore.so.384.130+0x10cec6f]

Java frames: (J=compiled Java code, j=interpreted, Vv=VM code)
J 1869  jogamp.opengl.x11.glx.GLX.dispatch_glXMakeContextCurrent0(JJJJJ)Z (0 bytes) @ 0x00007f7c345edf8e [0x00007f7c345edf40+0x4e]
J 2292 C2 jogamp.opengl.GLContextImpl.makeCurrentWithinLock(I)I (739 bytes) @ 0x00007f7c34846e6c [0x00007f7c34846c80+0x1ec]
J 2291 C2 jogamp.opengl.GLContextImpl.makeCurrent(Z)I (1006 bytes) @ 0x00007f7c347feb14 [0x00007f7c347fe820+0x2f4]
J 2396 C2 jogamp.opengl.GLDrawableHelper.invokeGLImpl(Lcom/jogamp/opengl/GLDrawable;Lcom/jogamp/opengl/GLContext;Ljava/lang/Runnable;Ljava/lang/Runnable;)V (586 bytes) @ 0x00007f7c34949944 [0x00007f7c34949780+0x1c4]
J 2277 C2 com.jogamp.newt.opengl.GLWindow.display()V (144 bytes) @ 0x00007f7c347f629c [0x00007f7c347f6060+0x23c]
J 2394 C2 com.jogamp.opengl.util.FPSAnimator$MainTask.run()V (805 bytes) @ 0x00007f7c3493f16c [0x00007f7c3493f040+0x12c]
J 2402% C2 java.util.TimerThread.mainLoop()V (232 bytes) @ 0x00007f7c348d3504 [0x00007f7c348d3480+0x84]
j  java.util.TimerThread.run()V+1
v  ~StubRoutines::call_stub

---------------  P R O C E S S  ---------------

Java Threads: ( => current thread )
  0x00007f7c04001800 JavaThread "NativeWindowFactory_ShutdownHook" [_thread_blocked, id=6580, stack(0x00007f7bec932000,0x00007f7beca33000)]
  0x00007f7c08001000 JavaThread "SIGTERM handler" daemon [_thread_blocked, id=6579, stack(0x00007f7c2cc7c000,0x00007f7c2cd7d000)]
=>0x00007f7bd438b000 JavaThread "main-FPSAWTAnimator#00-Timer0-FPSAWTAnimator#00-Timer1" [_thread_in_native, id=5598, stack(0x00007f7bc2202000,0x00007f7bc2303000)]
  0x00007f7c4400e000 JavaThread "DestroyJavaVM" [_thread_blocked, id=5562, stack(0x00007f7c4adec000,0x00007f7c4aeed000)]
  0x00007f7c44d11000 JavaThread "Thread-2" [_thread_blocked, id=5596, stack(0x00007f7bece4b000,0x00007f7becf4c000)]
  0x00007f7c44d0b800 JavaThread "main-SharedResourceRunner" daemon [_thread_blocked, id=5595, stack(0x00007f7bc901c000,0x00007f7bc911d000)]
  0x00007f7c44f21800 JavaThread "main-SharedResourceRunner" daemon [_thread_blocked, id=5594, stack(0x00007f7bca043000,0x00007f7bca144000)]
  0x00007f7c44432000 JavaThread "AWT-XAWT" daemon [_thread_in_native, id=5584, stack(0x00007f7c2c008000,0x00007f7c2c109000)]
  0x00007f7c4440f000 JavaThread "Java2D Disposer" daemon [_thread_blocked, id=5583, stack(0x00007f7c2c109000,0x00007f7c2c20a000)]
  0x00007f7c442cc800 JavaThread "Service Thread" daemon [_thread_blocked, id=5581, stack(0x00007f7c2c841000,0x00007f7c2c942000)]